<?xml version="1.0" encoding="UTF-8"?>
<!-- Generated by org.testng.reporters.JUnitXMLReporter -->
<testsuite hostname="rspl001lp" name="Simple Reporter test" tests="15" failures="4" timestamp="2 Jul 2015 09:00:02 GMT" time="0.042" errors="0">
  <testcase name="Page1Test" time="0.01" classname="com.uttesh.pdfngreport.AmazonTests">
    <failure type="java.lang.AssertionError" message="expected [false] but found [true]">
      <![CDATA[java.lang.AssertionError: expected [false] but found [true]
	at com.uttesh.pdfngreport.AmazonTests.Page1Test(AmazonTests.java:16)
... Removed 29 stack frames]]>
    </failure>
  </testcase> <!-- Page1Test -->
  <testcase name="Page2Test" time="0.0010" classname="com.uttesh.pdfngreport.AmazonTests"/>
  <testcase name="Page3Test" time="0.0010" classname="com.uttesh.pdfngreport.AmazonTests"/>
  <testcase name="Page4Test" time="0.0010" classname="com.uttesh.pdfngreport.AmazonTests">
    <skipped/>
  </testcase> <!-- Page4Test -->
  <testcase name="GooglePage1Test" time="0.0" classname="com.uttesh.pdfngreport.GoogleTest">
    <failure type="java.lang.AssertionError" message="expected [false] but found [true]">
      <![CDATA[java.lang.AssertionError: expected [false] but found [true]
	at com.uttesh.pdfngreport.GoogleTest.GooglePage1Test(GoogleTest.java:14)
... Removed 29 stack frames]]>
    </failure>
  </testcase> <!-- GooglePage1Test -->
  <testcase name="GooglePage2Test" time="0.0010" classname="com.uttesh.pdfngreport.GoogleTest"/>
  <testcase name="GooglePage3Test" time="0.0010" classname="com.uttesh.pdfngreport.GoogleTest">
    <skipped/>
  </testcase> <!-- GooglePage3Test -->
  <testcase name="testA" time="0.0" classname="com.uttesh.pdfngreport.SunalpsTest">
    <failure type="java.lang.AssertionError" message="expected [B] but found [A]">
      <![CDATA[java.lang.AssertionError: expected [B] but found [A]
	at com.uttesh.pdfngreport.SunalpsTest.testA(SunalpsTest.java:31)
... Removed 29 stack frames]]>
    </failure>
  </testcase> <!-- testA -->
  <testcase name="testB" time="0.0" classname="com.uttesh.pdfngreport.SunalpsTest"/>
  <testcase name="testC" time="0.0" classname="com.uttesh.pdfngreport.SunalpsTest">
    <failure type="java.lang.AssertionError" message="expected [c] but found [C]">
      <![CDATA[java.lang.AssertionError: expected [c] but found [C]
	at com.uttesh.pdfngreport.SunalpsTest.testC(SunalpsTest.java:41)
... Removed 29 stack frames]]>
    </failure>
  </testcase> <!-- testC -->
  <testcase name="Page1Test" time="0.0010" classname="com.uttesh.pdfngreport.SmitJainTest">
    <skipped/>
  </testcase> <!-- Page1Test -->
  <testcase name="Page2Test" time="0.0010" classname="com.uttesh.pdfngreport.SmitJainTest">
    <skipped/>
  </testcase> <!-- Page2Test -->
  <testcase name="Page3Test" time="0.0050" classname="com.uttesh.pdfngreport.SmitJainTest">
    <skipped/>
  </testcase> <!-- Page3Test -->
  <testcase name="Page4Test" time="0.0010" classname="com.uttesh.pdfngreport.SmitJainTest">
    <skipped/>
  </testcase> <!-- Page4Test -->
  <testcase name="Page5Test" time="0.0010" classname="com.uttesh.pdfngreport.SmitJainTest">
    <skipped/>
  </testcase> <!-- Page5Test -->
</testsuite> <!-- Simple Reporter test -->
