<html>
<head>
<title>TestNG:  Google Test</title>
<link href="../testng.css" rel="stylesheet" type="text/css" />
<link href="../my-testng.css" rel="stylesheet" type="text/css" />

<style type="text/css">
.log { display: none;} 
.stack-trace { display: none;} 
</style>
<script type="text/javascript">
<!--
function flip(e) {
  current = e.style.display;
  if (current == 'block') {
    e.style.display = 'none';
    return 0;
  }
  else {
    e.style.display = 'block';
    return 1;
  }
}

function toggleBox(szDivId, elem, msg1, msg2)
{
  var res = -1;  if (document.getElementById) {
    res = flip(document.getElementById(szDivId));
  }
  else if (document.all) {
    // this is the way old msie versions work
    res = flip(document.all[szDivId]);
  }
  if(elem) {
    if(res == 0) elem.innerHTML = msg1; else elem.innerHTML = msg2;
  }

}

function toggleAllBoxes() {
  if (document.getElementsByTagName) {
    d = document.getElementsByTagName('div');
    for (i = 0; i < d.length; i++) {
      if (d[i].className == 'log') {
        flip(d[i]);
      }
    }
  }
}

// -->
</script>

</head>
<body>
<h2 align='center'>Google Test</h2><table border='1' align="center">
<tr>
<td>Tests passed/Failed/Skipped:</td><td>1/0/10</td>
</tr><tr>
<td>Started on:</td><td>Mon Dec 05 14:24:00 IST 2016</td>
</tr>
<tr><td>Total time:</td><td>38 seconds (38219 ms)</td>
</tr><tr>
<td>Included groups:</td><td></td>
</tr><tr>
<td>Excluded groups:</td><td></td>
</tr>
</table><p/>
<small><i>(Hover the method name to see the test class name)</i></small><p/>
<table width='100%' border='1' class='invocation-passed'>
<tr><td colspan='4' align='center'><b>PASSED TESTS</b></td></tr>
<tr><td><b>Test method</b></td>
<td width="30%"><b>Exception</b></td>
<td width="10%"><b>Time (seconds)</b></td>
<td><b>Instance</b></td>
</tr>
<tr>
<td title='com.xavient.framework.WebApplicationSuite.googleSearchTest.googleSearchTest()'><b>googleSearchTest</b><br>Test class: com.xavient.framework.WebApplicationSuite.googleSearchTest<br>Parameters: {Runmode=Y, Iteration=1, ExpectedTitle=Google, Browser=mozilla}</td>
<td></td>
<td>13</td>
<td>com.xavient.framework.WebApplicationSuite.googleSearchTest@1794d431</td></tr>
</table><p>
<table width='100%' border='1' class='invocation-skipped'>
<tr><td colspan='4' align='center'><b>SKIPPED TESTS</b></td></tr>
<tr><td><b>Test method</b></td>
<td width="30%"><b>Exception</b></td>
<td width="10%"><b>Time (seconds)</b></td>
<td><b>Instance</b></td>
</tr>
<tr>
<td title='com.xavient.framework.WebApplicationSuite.googleSearchTest.googleSearchTest()'><b>googleSearchTest</b><br>Test class: com.xavient.framework.WebApplicationSuite.googleSearchTest<br>Parameters: {Runmode=N, Iteration=2, ExpectedTitle=s, Browser=mozilla}</td>
<td><div><pre>org.testng.SkipException: Skipping the test googleSearchTest as runmode of data set was NO
	at com.xavient.framework.util.Utility.validateTestExecution(Utility.java:119)
	at com.xavient.framework.WebApplicationSuite.googleSearchTest.googleSearchTest(googleSearchTest.java:38)
	at java.util.concurrent.ThreadPoolExecutor.runWorker(ThreadPoolExecutor.java:1142)
	at java.util.concurrent.ThreadPoolExecutor$Worker.run(ThreadPoolExecutor.java:617)
	at java.lang.Thread.run(Thread.java:745)
... Removed 10 stack frames</pre></div><a href='#' onClick='toggleBox("stack-trace1209317810", this, "Click to show all stack frames", "Click to hide stack frames")'>Click to show all stack frames</a>
<div class='stack-trace' id='stack-trace1209317810'><pre>org.testng.SkipException: Skipping the test googleSearchTest as runmode of data set was NO
	at com.xavient.framework.util.Utility.validateTestExecution(Utility.java:119)
	at com.xavient.framework.WebApplicationSuite.googleSearchTest.googleSearchTest(googleSearchTest.java:38)
	at sun.reflect.NativeMethodAccessorImpl.invoke0(Native Method)
	at sun.reflect.NativeMethodAccessorImpl.invoke(NativeMethodAccessorImpl.java:62)
	at sun.reflect.DelegatingMethodAccessorImpl.invoke(DelegatingMethodAccessorImpl.java:43)
	at java.lang.reflect.Method.invoke(Method.java:498)
	at org.testng.internal.MethodInvocationHelper.invokeMethod(MethodInvocationHelper.java:100)
	at org.testng.internal.Invoker.invokeMethod(Invoker.java:646)
	at org.testng.internal.Invoker.invokeTestMethod(Invoker.java:811)
	at org.testng.internal.Invoker.invokeTestMethods(Invoker.java:1137)
	at org.testng.internal.TestMethodWorker.invokeTestMethods(TestMethodWorker.java:129)
	at org.testng.internal.TestMethodWorker.run(TestMethodWorker.java:112)
	at java.util.concurrent.ThreadPoolExecutor.runWorker(ThreadPoolExecutor.java:1142)
	at java.util.concurrent.ThreadPoolExecutor$Worker.run(ThreadPoolExecutor.java:617)
	at java.lang.Thread.run(Thread.java:745)
</pre></div></td>
<td>0</td>
<td>com.xavient.framework.WebApplicationSuite.googleSearchTest@1794d431</td></tr>
<tr>
<td title='com.xavient.framework.WebApplicationSuite.googleSearchTest.googleSearchVerifyTextTest()'><b>googleSearchVerifyTextTest</b><br>Test class: com.xavient.framework.WebApplicationSuite.googleSearchTest<br>Parameters: {SearchText=HCL, Runmode=Y, Iteration=1, Expected=HCL, Browser=mozilla}</td>
<td><div><pre>org.testng.SkipException: Skipping the test googleSearchVerifyTextTest as runmode of test was NO
	at com.xavient.framework.util.Utility.validateTestExecution(Utility.java:115)
	at com.xavient.framework.WebApplicationSuite.googleSearchTest.googleSearchVerifyTextTest(googleSearchTest.java:59)
	at java.util.concurrent.ThreadPoolExecutor.runWorker(ThreadPoolExecutor.java:1142)
	at java.util.concurrent.ThreadPoolExecutor$Worker.run(ThreadPoolExecutor.java:617)
	at java.lang.Thread.run(Thread.java:745)
... Removed 10 stack frames</pre></div><a href='#' onClick='toggleBox("stack-trace1213253945", this, "Click to show all stack frames", "Click to hide stack frames")'>Click to show all stack frames</a>
<div class='stack-trace' id='stack-trace1213253945'><pre>org.testng.SkipException: Skipping the test googleSearchVerifyTextTest as runmode of test was NO
	at com.xavient.framework.util.Utility.validateTestExecution(Utility.java:115)
	at com.xavient.framework.WebApplicationSuite.googleSearchTest.googleSearchVerifyTextTest(googleSearchTest.java:59)
	at sun.reflect.NativeMethodAccessorImpl.invoke0(Native Method)
	at sun.reflect.NativeMethodAccessorImpl.invoke(NativeMethodAccessorImpl.java:62)
	at sun.reflect.DelegatingMethodAccessorImpl.invoke(DelegatingMethodAccessorImpl.java:43)
	at java.lang.reflect.Method.invoke(Method.java:498)
	at org.testng.internal.MethodInvocationHelper.invokeMethod(MethodInvocationHelper.java:100)
	at org.testng.internal.Invoker.invokeMethod(Invoker.java:646)
	at org.testng.internal.Invoker.invokeTestMethod(Invoker.java:811)
	at org.testng.internal.Invoker.invokeTestMethods(Invoker.java:1137)
	at org.testng.internal.TestMethodWorker.invokeTestMethods(TestMethodWorker.java:129)
	at org.testng.internal.TestMethodWorker.run(TestMethodWorker.java:112)
	at java.util.concurrent.ThreadPoolExecutor.runWorker(ThreadPoolExecutor.java:1142)
	at java.util.concurrent.ThreadPoolExecutor$Worker.run(ThreadPoolExecutor.java:617)
	at java.lang.Thread.run(Thread.java:745)
</pre></div></td>
<td>2</td>
<td>com.xavient.framework.WebApplicationSuite.googleSearchTest@1794d431</td></tr>
<tr>
<td title='com.xavient.framework.WebApplicationSuite.googleSearchTest.googleSearchVerifyTextTest()'><b>googleSearchVerifyTextTest</b><br>Test class: com.xavient.framework.WebApplicationSuite.googleSearchTest<br>Parameters: {SearchText=FIROZ, Runmode=Y, Iteration=2, Expected=FIROZ, Browser=mozilla}</td>
<td><div><pre>org.testng.SkipException: Skipping the test googleSearchVerifyTextTest as runmode of test was NO
	at com.xavient.framework.util.Utility.validateTestExecution(Utility.java:115)
	at com.xavient.framework.WebApplicationSuite.googleSearchTest.googleSearchVerifyTextTest(googleSearchTest.java:59)
	at java.util.concurrent.ThreadPoolExecutor.runWorker(ThreadPoolExecutor.java:1142)
	at java.util.concurrent.ThreadPoolExecutor$Worker.run(ThreadPoolExecutor.java:617)
	at java.lang.Thread.run(Thread.java:745)
... Removed 10 stack frames</pre></div><a href='#' onClick='toggleBox("stack-trace1229546843", this, "Click to show all stack frames", "Click to hide stack frames")'>Click to show all stack frames</a>
<div class='stack-trace' id='stack-trace1229546843'><pre>org.testng.SkipException: Skipping the test googleSearchVerifyTextTest as runmode of test was NO
	at com.xavient.framework.util.Utility.validateTestExecution(Utility.java:115)
	at com.xavient.framework.WebApplicationSuite.googleSearchTest.googleSearchVerifyTextTest(googleSearchTest.java:59)
	at sun.reflect.NativeMethodAccessorImpl.invoke0(Native Method)
	at sun.reflect.NativeMethodAccessorImpl.invoke(NativeMethodAccessorImpl.java:62)
	at sun.reflect.DelegatingMethodAccessorImpl.invoke(DelegatingMethodAccessorImpl.java:43)
	at java.lang.reflect.Method.invoke(Method.java:498)
	at org.testng.internal.MethodInvocationHelper.invokeMethod(MethodInvocationHelper.java:100)
	at org.testng.internal.Invoker.invokeMethod(Invoker.java:646)
	at org.testng.internal.Invoker.invokeTestMethod(Invoker.java:811)
	at org.testng.internal.Invoker.invokeTestMethods(Invoker.java:1137)
	at org.testng.internal.TestMethodWorker.invokeTestMethods(TestMethodWorker.java:129)
	at org.testng.internal.TestMethodWorker.run(TestMethodWorker.java:112)
	at java.util.concurrent.ThreadPoolExecutor.runWorker(ThreadPoolExecutor.java:1142)
	at java.util.concurrent.ThreadPoolExecutor$Worker.run(ThreadPoolExecutor.java:617)
	at java.lang.Thread.run(Thread.java:745)
</pre></div></td>
<td>2</td>
<td>com.xavient.framework.WebApplicationSuite.googleSearchTest@1794d431</td></tr>
<tr>
<td title='com.xavient.framework.WebApplicationSuite.googleSearchTest.googleSearchVerifyTextTest()'><b>googleSearchVerifyTextTest</b><br>Test class: com.xavient.framework.WebApplicationSuite.googleSearchTest<br>Parameters: {SearchText=PRANAV, Runmode=y, Iteration=3, Expected=PRANAV, Browser=mozilla}</td>
<td><div><pre>org.testng.SkipException: Skipping the test googleSearchVerifyTextTest as runmode of test was NO
	at com.xavient.framework.util.Utility.validateTestExecution(Utility.java:115)
	at com.xavient.framework.WebApplicationSuite.googleSearchTest.googleSearchVerifyTextTest(googleSearchTest.java:59)
	at java.util.concurrent.ThreadPoolExecutor.runWorker(ThreadPoolExecutor.java:1142)
	at java.util.concurrent.ThreadPoolExecutor$Worker.run(ThreadPoolExecutor.java:617)
	at java.lang.Thread.run(Thread.java:745)
... Removed 10 stack frames</pre></div><a href='#' onClick='toggleBox("stack-trace803429336", this, "Click to show all stack frames", "Click to hide stack frames")'>Click to show all stack frames</a>
<div class='stack-trace' id='stack-trace803429336'><pre>org.testng.SkipException: Skipping the test googleSearchVerifyTextTest as runmode of test was NO
	at com.xavient.framework.util.Utility.validateTestExecution(Utility.java:115)
	at com.xavient.framework.WebApplicationSuite.googleSearchTest.googleSearchVerifyTextTest(googleSearchTest.java:59)
	at sun.reflect.NativeMethodAccessorImpl.invoke0(Native Method)
	at sun.reflect.NativeMethodAccessorImpl.invoke(NativeMethodAccessorImpl.java:62)
	at sun.reflect.DelegatingMethodAccessorImpl.invoke(DelegatingMethodAccessorImpl.java:43)
	at java.lang.reflect.Method.invoke(Method.java:498)
	at org.testng.internal.MethodInvocationHelper.invokeMethod(MethodInvocationHelper.java:100)
	at org.testng.internal.Invoker.invokeMethod(Invoker.java:646)
	at org.testng.internal.Invoker.invokeTestMethod(Invoker.java:811)
	at org.testng.internal.Invoker.invokeTestMethods(Invoker.java:1137)
	at org.testng.internal.TestMethodWorker.invokeTestMethods(TestMethodWorker.java:129)
	at org.testng.internal.TestMethodWorker.run(TestMethodWorker.java:112)
	at java.util.concurrent.ThreadPoolExecutor.runWorker(ThreadPoolExecutor.java:1142)
	at java.util.concurrent.ThreadPoolExecutor$Worker.run(ThreadPoolExecutor.java:617)
	at java.lang.Thread.run(Thread.java:745)
</pre></div></td>
<td>2</td>
<td>com.xavient.framework.WebApplicationSuite.googleSearchTest@1794d431</td></tr>
<tr>
<td title='com.xavient.framework.WebApplicationSuite.googleSearchTest.googleSearchVerifyTextTestq()'><b>googleSearchVerifyTextTestq</b><br>Test class: com.xavient.framework.WebApplicationSuite.googleSearchTest<br>Parameters: {SearchText=, Runmode=Y, Iteration=1, Expected=, Browser=mozilla}</td>
<td><div><pre>org.testng.SkipException: Skipping the test googleSearchVerifyTextTestq as runmode of test was NO
	at com.xavient.framework.util.Utility.validateTestExecution(Utility.java:115)
	at com.xavient.framework.WebApplicationSuite.googleSearchTest.googleSearchVerifyTextTestq(googleSearchTest.java:81)
	at java.util.concurrent.ThreadPoolExecutor.runWorker(ThreadPoolExecutor.java:1142)
	at java.util.concurrent.ThreadPoolExecutor$Worker.run(ThreadPoolExecutor.java:617)
	at java.lang.Thread.run(Thread.java:745)
... Removed 10 stack frames</pre></div><a href='#' onClick='toggleBox("stack-trace2025622973", this, "Click to show all stack frames", "Click to hide stack frames")'>Click to show all stack frames</a>
<div class='stack-trace' id='stack-trace2025622973'><pre>org.testng.SkipException: Skipping the test googleSearchVerifyTextTestq as runmode of test was NO
	at com.xavient.framework.util.Utility.validateTestExecution(Utility.java:115)
	at com.xavient.framework.WebApplicationSuite.googleSearchTest.googleSearchVerifyTextTestq(googleSearchTest.java:81)
	at sun.reflect.NativeMethodAccessorImpl.invoke0(Native Method)
	at sun.reflect.NativeMethodAccessorImpl.invoke(NativeMethodAccessorImpl.java:62)
	at sun.reflect.DelegatingMethodAccessorImpl.invoke(DelegatingMethodAccessorImpl.java:43)
	at java.lang.reflect.Method.invoke(Method.java:498)
	at org.testng.internal.MethodInvocationHelper.invokeMethod(MethodInvocationHelper.java:100)
	at org.testng.internal.Invoker.invokeMethod(Invoker.java:646)
	at org.testng.internal.Invoker.invokeTestMethod(Invoker.java:811)
	at org.testng.internal.Invoker.invokeTestMethods(Invoker.java:1137)
	at org.testng.internal.TestMethodWorker.invokeTestMethods(TestMethodWorker.java:129)
	at org.testng.internal.TestMethodWorker.run(TestMethodWorker.java:112)
	at java.util.concurrent.ThreadPoolExecutor.runWorker(ThreadPoolExecutor.java:1142)
	at java.util.concurrent.ThreadPoolExecutor$Worker.run(ThreadPoolExecutor.java:617)
	at java.lang.Thread.run(Thread.java:745)
</pre></div></td>
<td>2</td>
<td>com.xavient.framework.WebApplicationSuite.googleSearchTest@1794d431</td></tr>
<tr>
<td title='com.xavient.framework.WebApplicationSuite.googleSearchTest.googleSearchVerifyTextTestq()'><b>googleSearchVerifyTextTestq</b><br>Test class: com.xavient.framework.WebApplicationSuite.googleSearchTest<br>Parameters: {SearchText=, Runmode=N, Iteration=2, Expected=, Browser=mozilla}</td>
<td><div><pre>org.testng.SkipException: Skipping the test googleSearchVerifyTextTestq as runmode of test was NO
	at com.xavient.framework.util.Utility.validateTestExecution(Utility.java:115)
	at com.xavient.framework.WebApplicationSuite.googleSearchTest.googleSearchVerifyTextTestq(googleSearchTest.java:81)
	at java.util.concurrent.ThreadPoolExecutor.runWorker(ThreadPoolExecutor.java:1142)
	at java.util.concurrent.ThreadPoolExecutor$Worker.run(ThreadPoolExecutor.java:617)
	at java.lang.Thread.run(Thread.java:745)
... Removed 10 stack frames</pre></div><a href='#' onClick='toggleBox("stack-trace622583699", this, "Click to show all stack frames", "Click to hide stack frames")'>Click to show all stack frames</a>
<div class='stack-trace' id='stack-trace622583699'><pre>org.testng.SkipException: Skipping the test googleSearchVerifyTextTestq as runmode of test was NO
	at com.xavient.framework.util.Utility.validateTestExecution(Utility.java:115)
	at com.xavient.framework.WebApplicationSuite.googleSearchTest.googleSearchVerifyTextTestq(googleSearchTest.java:81)
	at sun.reflect.NativeMethodAccessorImpl.invoke0(Native Method)
	at sun.reflect.NativeMethodAccessorImpl.invoke(NativeMethodAccessorImpl.java:62)
	at sun.reflect.DelegatingMethodAccessorImpl.invoke(DelegatingMethodAccessorImpl.java:43)
	at java.lang.reflect.Method.invoke(Method.java:498)
	at org.testng.internal.MethodInvocationHelper.invokeMethod(MethodInvocationHelper.java:100)
	at org.testng.internal.Invoker.invokeMethod(Invoker.java:646)
	at org.testng.internal.Invoker.invokeTestMethod(Invoker.java:811)
	at org.testng.internal.Invoker.invokeTestMethods(Invoker.java:1137)
	at org.testng.internal.TestMethodWorker.invokeTestMethods(TestMethodWorker.java:129)
	at org.testng.internal.TestMethodWorker.run(TestMethodWorker.java:112)
	at java.util.concurrent.ThreadPoolExecutor.runWorker(ThreadPoolExecutor.java:1142)
	at java.util.concurrent.ThreadPoolExecutor$Worker.run(ThreadPoolExecutor.java:617)
	at java.lang.Thread.run(Thread.java:745)
</pre></div></td>
<td>2</td>
<td>com.xavient.framework.WebApplicationSuite.googleSearchTest@1794d431</td></tr>
<tr>
<td title='com.xavient.framework.WebApplicationSuite.googleSearchTest.googleSearchVerifyTextTestq()'><b>googleSearchVerifyTextTestq</b><br>Test class: com.xavient.framework.WebApplicationSuite.googleSearchTest<br>Parameters: {SearchText=, Runmode=Y, Iteration=3, Expected=, Browser=mozilla}</td>
<td><div><pre>org.testng.SkipException: Skipping the test googleSearchVerifyTextTestq as runmode of test was NO
	at com.xavient.framework.util.Utility.validateTestExecution(Utility.java:115)
	at com.xavient.framework.WebApplicationSuite.googleSearchTest.googleSearchVerifyTextTestq(googleSearchTest.java:81)
	at java.util.concurrent.ThreadPoolExecutor.runWorker(ThreadPoolExecutor.java:1142)
	at java.util.concurrent.ThreadPoolExecutor$Worker.run(ThreadPoolExecutor.java:617)
	at java.lang.Thread.run(Thread.java:745)
... Removed 10 stack frames</pre></div><a href='#' onClick='toggleBox("stack-trace1127440370", this, "Click to show all stack frames", "Click to hide stack frames")'>Click to show all stack frames</a>
<div class='stack-trace' id='stack-trace1127440370'><pre>org.testng.SkipException: Skipping the test googleSearchVerifyTextTestq as runmode of test was NO
	at com.xavient.framework.util.Utility.validateTestExecution(Utility.java:115)
	at com.xavient.framework.WebApplicationSuite.googleSearchTest.googleSearchVerifyTextTestq(googleSearchTest.java:81)
	at sun.reflect.NativeMethodAccessorImpl.invoke0(Native Method)
	at sun.reflect.NativeMethodAccessorImpl.invoke(NativeMethodAccessorImpl.java:62)
	at sun.reflect.DelegatingMethodAccessorImpl.invoke(DelegatingMethodAccessorImpl.java:43)
	at java.lang.reflect.Method.invoke(Method.java:498)
	at org.testng.internal.MethodInvocationHelper.invokeMethod(MethodInvocationHelper.java:100)
	at org.testng.internal.Invoker.invokeMethod(Invoker.java:646)
	at org.testng.internal.Invoker.invokeTestMethod(Invoker.java:811)
	at org.testng.internal.Invoker.invokeTestMethods(Invoker.java:1137)
	at org.testng.internal.TestMethodWorker.invokeTestMethods(TestMethodWorker.java:129)
	at org.testng.internal.TestMethodWorker.run(TestMethodWorker.java:112)
	at java.util.concurrent.ThreadPoolExecutor.runWorker(ThreadPoolExecutor.java:1142)
	at java.util.concurrent.ThreadPoolExecutor$Worker.run(ThreadPoolExecutor.java:617)
	at java.lang.Thread.run(Thread.java:745)
</pre></div></td>
<td>2</td>
<td>com.xavient.framework.WebApplicationSuite.googleSearchTest@1794d431</td></tr>
<tr>
<td title='com.xavient.framework.WebApplicationSuite.googleSearchTest.googleSearchVerifyTextTestqw()'><b>googleSearchVerifyTextTestqw</b><br>Test class: com.xavient.framework.WebApplicationSuite.googleSearchTest<br>Parameters: {Runmode=N, Iteration=1, Expected=, ExpectedTitle=Google, Browser=mozilla}</td>
<td><div><pre>org.testng.SkipException: Skipping the test googleSearchVerifyTextTestqw as runmode of test was NO
	at com.xavient.framework.util.Utility.validateTestExecution(Utility.java:115)
	at com.xavient.framework.WebApplicationSuite.googleSearchTest.googleSearchVerifyTextTestqw(googleSearchTest.java:101)
	at java.util.concurrent.ThreadPoolExecutor.runWorker(ThreadPoolExecutor.java:1142)
	at java.util.concurrent.ThreadPoolExecutor$Worker.run(ThreadPoolExecutor.java:617)
	at java.lang.Thread.run(Thread.java:745)
... Removed 10 stack frames</pre></div><a href='#' onClick='toggleBox("stack-trace910575009", this, "Click to show all stack frames", "Click to hide stack frames")'>Click to show all stack frames</a>
<div class='stack-trace' id='stack-trace910575009'><pre>org.testng.SkipException: Skipping the test googleSearchVerifyTextTestqw as runmode of test was NO
	at com.xavient.framework.util.Utility.validateTestExecution(Utility.java:115)
	at com.xavient.framework.WebApplicationSuite.googleSearchTest.googleSearchVerifyTextTestqw(googleSearchTest.java:101)
	at sun.reflect.NativeMethodAccessorImpl.invoke0(Native Method)
	at sun.reflect.NativeMethodAccessorImpl.invoke(NativeMethodAccessorImpl.java:62)
	at sun.reflect.DelegatingMethodAccessorImpl.invoke(DelegatingMethodAccessorImpl.java:43)
	at java.lang.reflect.Method.invoke(Method.java:498)
	at org.testng.internal.MethodInvocationHelper.invokeMethod(MethodInvocationHelper.java:100)
	at org.testng.internal.Invoker.invokeMethod(Invoker.java:646)
	at org.testng.internal.Invoker.invokeTestMethod(Invoker.java:811)
	at org.testng.internal.Invoker.invokeTestMethods(Invoker.java:1137)
	at org.testng.internal.TestMethodWorker.invokeTestMethods(TestMethodWorker.java:129)
	at org.testng.internal.TestMethodWorker.run(TestMethodWorker.java:112)
	at java.util.concurrent.ThreadPoolExecutor.runWorker(ThreadPoolExecutor.java:1142)
	at java.util.concurrent.ThreadPoolExecutor$Worker.run(ThreadPoolExecutor.java:617)
	at java.lang.Thread.run(Thread.java:745)
</pre></div></td>
<td>2</td>
<td>com.xavient.framework.WebApplicationSuite.googleSearchTest@1794d431</td></tr>
<tr>
<td title='com.xavient.framework.WebApplicationSuite.googleSearchTest.googleSearchVerifyTextTestqw()'><b>googleSearchVerifyTextTestqw</b><br>Test class: com.xavient.framework.WebApplicationSuite.googleSearchTest<br>Parameters: {Runmode=Y, Iteration=2, Expected=, ExpectedTitle=Come, Browser=mozilla}</td>
<td><div><pre>org.testng.SkipException: Skipping the test googleSearchVerifyTextTestqw as runmode of test was NO
	at com.xavient.framework.util.Utility.validateTestExecution(Utility.java:115)
	at com.xavient.framework.WebApplicationSuite.googleSearchTest.googleSearchVerifyTextTestqw(googleSearchTest.java:101)
	at java.util.concurrent.ThreadPoolExecutor.runWorker(ThreadPoolExecutor.java:1142)
	at java.util.concurrent.ThreadPoolExecutor$Worker.run(ThreadPoolExecutor.java:617)
	at java.lang.Thread.run(Thread.java:745)
... Removed 10 stack frames</pre></div><a href='#' onClick='toggleBox("stack-trace1466031847", this, "Click to show all stack frames", "Click to hide stack frames")'>Click to show all stack frames</a>
<div class='stack-trace' id='stack-trace1466031847'><pre>org.testng.SkipException: Skipping the test googleSearchVerifyTextTestqw as runmode of test was NO
	at com.xavient.framework.util.Utility.validateTestExecution(Utility.java:115)
	at com.xavient.framework.WebApplicationSuite.googleSearchTest.googleSearchVerifyTextTestqw(googleSearchTest.java:101)
	at sun.reflect.NativeMethodAccessorImpl.invoke0(Native Method)
	at sun.reflect.NativeMethodAccessorImpl.invoke(NativeMethodAccessorImpl.java:62)
	at sun.reflect.DelegatingMethodAccessorImpl.invoke(DelegatingMethodAccessorImpl.java:43)
	at java.lang.reflect.Method.invoke(Method.java:498)
	at org.testng.internal.MethodInvocationHelper.invokeMethod(MethodInvocationHelper.java:100)
	at org.testng.internal.Invoker.invokeMethod(Invoker.java:646)
	at org.testng.internal.Invoker.invokeTestMethod(Invoker.java:811)
	at org.testng.internal.Invoker.invokeTestMethods(Invoker.java:1137)
	at org.testng.internal.TestMethodWorker.invokeTestMethods(TestMethodWorker.java:129)
	at org.testng.internal.TestMethodWorker.run(TestMethodWorker.java:112)
	at java.util.concurrent.ThreadPoolExecutor.runWorker(ThreadPoolExecutor.java:1142)
	at java.util.concurrent.ThreadPoolExecutor$Worker.run(ThreadPoolExecutor.java:617)
	at java.lang.Thread.run(Thread.java:745)
</pre></div></td>
<td>2</td>
<td>com.xavient.framework.WebApplicationSuite.googleSearchTest@1794d431</td></tr>
<tr>
<td title='com.xavient.framework.WebApplicationSuite.googleSearchTest.googleSearchVerifyTextTestqw()'><b>googleSearchVerifyTextTestqw</b><br>Test class: com.xavient.framework.WebApplicationSuite.googleSearchTest<br>Parameters: {Runmode=N, Iteration=3, Expected=, ExpectedTitle=Google, Browser=mozilla}</td>
<td><div><pre>org.testng.SkipException: Skipping the test googleSearchVerifyTextTestqw as runmode of test was NO
	at com.xavient.framework.util.Utility.validateTestExecution(Utility.java:115)
	at com.xavient.framework.WebApplicationSuite.googleSearchTest.googleSearchVerifyTextTestqw(googleSearchTest.java:101)
	at java.util.concurrent.ThreadPoolExecutor.runWorker(ThreadPoolExecutor.java:1142)
	at java.util.concurrent.ThreadPoolExecutor$Worker.run(ThreadPoolExecutor.java:617)
	at java.lang.Thread.run(Thread.java:745)
... Removed 10 stack frames</pre></div><a href='#' onClick='toggleBox("stack-trace2135550135", this, "Click to show all stack frames", "Click to hide stack frames")'>Click to show all stack frames</a>
<div class='stack-trace' id='stack-trace2135550135'><pre>org.testng.SkipException: Skipping the test googleSearchVerifyTextTestqw as runmode of test was NO
	at com.xavient.framework.util.Utility.validateTestExecution(Utility.java:115)
	at com.xavient.framework.WebApplicationSuite.googleSearchTest.googleSearchVerifyTextTestqw(googleSearchTest.java:101)
	at sun.reflect.NativeMethodAccessorImpl.invoke0(Native Method)
	at sun.reflect.NativeMethodAccessorImpl.invoke(NativeMethodAccessorImpl.java:62)
	at sun.reflect.DelegatingMethodAccessorImpl.invoke(DelegatingMethodAccessorImpl.java:43)
	at java.lang.reflect.Method.invoke(Method.java:498)
	at org.testng.internal.MethodInvocationHelper.invokeMethod(MethodInvocationHelper.java:100)
	at org.testng.internal.Invoker.invokeMethod(Invoker.java:646)
	at org.testng.internal.Invoker.invokeTestMethod(Invoker.java:811)
	at org.testng.internal.Invoker.invokeTestMethods(Invoker.java:1137)
	at org.testng.internal.TestMethodWorker.invokeTestMethods(TestMethodWorker.java:129)
	at org.testng.internal.TestMethodWorker.run(TestMethodWorker.java:112)
	at java.util.concurrent.ThreadPoolExecutor.runWorker(ThreadPoolExecutor.java:1142)
	at java.util.concurrent.ThreadPoolExecutor$Worker.run(ThreadPoolExecutor.java:617)
	at java.lang.Thread.run(Thread.java:745)
</pre></div></td>
<td>2</td>
<td>com.xavient.framework.WebApplicationSuite.googleSearchTest@1794d431</td></tr>
</table><p>
</body>
</html>