<html>
<head>
<title>TestNG:  Google Test</title>
<link href="../testng.css" rel="stylesheet" type="text/css" />
<link href="../my-testng.css" rel="stylesheet" type="text/css" />

<style type="text/css">
.log { display: none;} 
.stack-trace { display: none;} 
</style>
<script type="text/javascript">
<!--
function flip(e) {
  current = e.style.display;
  if (current == 'block') {
    e.style.display = 'none';
    return 0;
  }
  else {
    e.style.display = 'block';
    return 1;
  }
}

function toggleBox(szDivId, elem, msg1, msg2)
{
  var res = -1;  if (document.getElementById) {
    res = flip(document.getElementById(szDivId));
  }
  else if (document.all) {
    // this is the way old msie versions work
    res = flip(document.all[szDivId]);
  }
  if(elem) {
    if(res == 0) elem.innerHTML = msg1; else elem.innerHTML = msg2;
  }

}

function toggleAllBoxes() {
  if (document.getElementsByTagName) {
    d = document.getElementsByTagName('div');
    for (i = 0; i < d.length; i++) {
      if (d[i].className == 'log') {
        flip(d[i]);
      }
    }
  }
}

// -->
</script>

</head>
<body>
<h2 align='center'>Google Test</h2><table border='1' align="center">
<tr>
<td>Tests passed/Failed/Skipped:</td><td>2/6/0</td>
</tr><tr>
<td>Started on:</td><td>Thu May 12 17:14:13 IST 2016</td>
</tr>
<tr><td>Total time:</td><td>37 seconds (37403 ms)</td>
</tr><tr>
<td>Included groups:</td><td></td>
</tr><tr>
<td>Excluded groups:</td><td></td>
</tr>
</table><p/>
<small><i>(Hover the method name to see the test class name)</i></small><p/>
<table width='100%' border='1' class='invocation-failed'>
<tr><td colspan='4' align='center'><b>FAILED TESTS</b></td></tr>
<tr><td><b>Test method</b></td>
<td width="30%"><b>Exception</b></td>
<td width="10%"><b>Time (seconds)</b></td>
<td><b>Instance</b></td>
</tr>
<tr>
<td title='com.xavient.framework.WebApplicationSuite.googleSearchTest.googleSearchTest()'><b>googleSearchTest</b><br>Test class: com.xavient.framework.WebApplicationSuite.googleSearchTest<br>Parameters: {Runmode=N, Iteration=2, ExpectedTitle=s, Browser=mozilla}</td>
<td><div><pre>java.lang.NullPointerException
	at com.xavient.framework.util.Xls_Reader.getRowCount(Xls_Reader.java:48)
	at com.xavient.framework.util.Utility.isTestCaseRunnable(Utility.java:85)
	at com.xavient.framework.util.Utility.validateTestExecution(Utility.java:113)
	at com.xavient.framework.WebApplicationSuite.googleSearchTest.googleSearchTest(googleSearchTest.java:33)
	at java.util.concurrent.ThreadPoolExecutor.runWorker(Unknown Source)
	at java.util.concurrent.ThreadPoolExecutor$Worker.run(Unknown Source)
	at java.lang.Thread.run(Unknown Source)
... Removed 10 stack frames</pre></div><a href='#' onClick='toggleBox("stack-trace520000410", this, "Click to show all stack frames", "Click to hide stack frames")'>Click to show all stack frames</a>
<div class='stack-trace' id='stack-trace520000410'><pre>java.lang.NullPointerException
	at com.xavient.framework.util.Xls_Reader.getRowCount(Xls_Reader.java:48)
	at com.xavient.framework.util.Utility.isTestCaseRunnable(Utility.java:85)
	at com.xavient.framework.util.Utility.validateTestExecution(Utility.java:113)
	at com.xavient.framework.WebApplicationSuite.googleSearchTest.googleSearchTest(googleSearchTest.java:33)
	at sun.reflect.NativeMethodAccessorImpl.invoke0(Native Method)
	at sun.reflect.NativeMethodAccessorImpl.invoke(Unknown Source)
	at sun.reflect.DelegatingMethodAccessorImpl.invoke(Unknown Source)
	at java.lang.reflect.Method.invoke(Unknown Source)
	at org.testng.internal.MethodInvocationHelper.invokeMethod(MethodInvocationHelper.java:86)
	at org.testng.internal.Invoker.invokeMethod(Invoker.java:646)
	at org.testng.internal.Invoker.invokeTestMethod(Invoker.java:823)
	at org.testng.internal.Invoker.invokeTestMethods(Invoker.java:1131)
	at org.testng.internal.TestMethodWorker.invokeTestMethods(TestMethodWorker.java:129)
	at org.testng.internal.TestMethodWorker.run(TestMethodWorker.java:112)
	at java.util.concurrent.ThreadPoolExecutor.runWorker(Unknown Source)
	at java.util.concurrent.ThreadPoolExecutor$Worker.run(Unknown Source)
	at java.lang.Thread.run(Unknown Source)
</pre></div></td>
<td>0</td>
<td>com.xavient.framework.WebApplicationSuite.googleSearchTest@475530b9</td></tr>
<tr>
<td title='com.xavient.framework.WebApplicationSuite.googleSearchTest.googleSearchVerifyTextTest()'><b>googleSearchVerifyTextTest</b><br>Test class: com.xavient.framework.WebApplicationSuite.googleSearchTest<br>Parameters: {SearchText=HCL, Runmode=Y, Iteration=1, Expected=HCL, Browser=mozilla}</td>
<td><div><pre>java.lang.reflect.InvocationTargetException
	at com.xavient.framework.WebApplicationSuite.googleSearchTest.googleSearchVerifyTextTest(googleSearchTest.java:58)
	at java.util.concurrent.ThreadPoolExecutor.runWorker(Unknown Source)
	at java.util.concurrent.ThreadPoolExecutor$Worker.run(Unknown Source)
	at java.lang.Thread.run(Unknown Source)
Caused by: org.openqa.selenium.remote.UnreachableBrowserException: Error communicating with the remote browser. It may have died.
Build info: version: &apos;2.53.0&apos;, revision: &apos;35ae25b1534ae328c771e0856c93e187490ca824&apos;, time: &apos;2016-03-15 10:43:46&apos;
System info: host: &apos;XEN-769&apos;, ip: &apos;10.1.249.94&apos;, os.name: &apos;Windows 7&apos;, os.arch: &apos;amd64&apos;, os.version: &apos;6.1&apos;, java.version: &apos;1.8.0_77&apos;
Driver info: driver.version: FirefoxDriver
Capabilities [{applicationCacheEnabled=true, rotatable=false, handlesAlerts=true, databaseEnabled=true, version=43.0.1, platform=WINDOWS, nativeEvents=false, acceptSslCerts=true, webStorageEnabled=true, locationContextEnabled=true, browserName=firefox, takesScreenshot=true, javascriptEnabled=true, cssSelectorsEnabled=true}]
Session ID: 5610945f-45e6-43f8-b97d-84e51cbd0e71
	at org.openqa.selenium.remote.RemoteWebDriver.execute(RemoteWebDriver.java:665)
	at org.openqa.selenium.remote.RemoteWebDriver.execute(RemoteWebDriver.java:701)
	at org.openqa.selenium.firefox.FirefoxDriver.getScreenshotAs(FirefoxDriver.java:341)
	... 19 more
Caused by: org.apache.http.conn.HttpHostConnectException: Connect to 127.0.0.1:7057 [/127.0.0.1] failed: Connection refused: connect
	at org.apache.http.impl.conn.HttpClientConnectionOperator.connect(HttpClientConnectionOperator.java:140)
	at org.apache.http.impl.conn.PoolingHttpClientConnectionManager.connect(PoolingHttpClientConnectionManager.java:314)
	at org.apache.http.impl.execchain.MainClientExec.establishRoute(MainClientExec.java:363)
	at org.apache.http.impl.execchain.MainClientExec.execute(MainClientExec.java:219)
	at org.apache.http.impl.execchain.ProtocolExec.execute(ProtocolExec.java:195)
	at org.apache.http.impl.execchain.RetryExec.execute(RetryExec.java:86)
	at org.apache.http.impl.execchain.RedirectExec.execute(RedirectExec.java:108)
	at org.apache.http.impl.client.InternalHttpClient.doExecute(InternalHttpClient.java:186)
	at org.apache.http.impl.client.CloseableHttpClient.execute(CloseableHttpClient.java:72)
	at org.apache.http.impl.client.CloseableHttpClient.execute(CloseableHttpClient.java:57)
	at org.openqa.selenium.remote.internal.ApacheHttpClient.fallBackExecute(ApacheHttpClient.java:144)
	at org.openqa.selenium.remote.internal.ApacheHttpClient.execute(ApacheHttpClient.java:90)
	at org.openqa.selenium.remote.HttpCommandExecutor.execute(HttpCommandExecutor.java:142)
	at org.openqa.selenium.firefox.internal.NewProfileExtensionConnection.execute(NewProfileExtensionConnection.java:160)
	at org.openqa.selenium.firefox.FirefoxDriver$LazyCommandExecutor.execute(FirefoxDriver.java:380)
	at org.openqa.selenium.remote.RemoteWebDriver.execute(RemoteWebDriver.java:644)
	... 24 more
Caused by: java.net.ConnectException: Connection refused: connect
	at java.net.DualStackPlainSocketImpl.waitForConnect(Native Method)
	at java.net.DualStackPlainSocketImpl.socketConnect(Unknown Source)
	at java.net.AbstractPlainSocketImpl.doConnect(Unknown Source)
	at java.net.AbstractPlainSocketImpl.connectToAddress(Unknown Source)
	at java.net.AbstractPlainSocketImpl.connect(Unknown Source)
	at java.net.PlainSocketImpl.connect(Unknown Source)
	at java.net.SocksSocketImpl.connect(Unknown Source)
	at java.net.Socket.connect(Unknown Source)
	at org.apache.http.conn.socket.PlainConnectionSocketFactory.connectSocket(PlainConnectionSocketFactory.java:72)
	at org.apache.http.impl.conn.HttpClientConnectionOperator.connect(HttpClientConnectionOperator.java:117)
	... 39 more
... Removed 18 stack frames</pre></div><a href='#' onClick='toggleBox("stack-trace91249950", this, "Click to show all stack frames", "Click to hide stack frames")'>Click to show all stack frames</a>
<div class='stack-trace' id='stack-trace91249950'><pre>java.lang.reflect.InvocationTargetException
	at sun.reflect.NativeMethodAccessorImpl.invoke0(Native Method)
	at sun.reflect.NativeMethodAccessorImpl.invoke(Unknown Source)
	at sun.reflect.DelegatingMethodAccessorImpl.invoke(Unknown Source)
	at java.lang.reflect.Method.invoke(Unknown Source)
	at com.xavient.framework.util.Keywords_reflection.executeKeywords(Keywords_reflection.java:123)
	at com.xavient.framework.WebApplicationSuite.googleSearchTest.googleSearchVerifyTextTest(googleSearchTest.java:58)
	at sun.reflect.NativeMethodAccessorImpl.invoke0(Native Method)
	at sun.reflect.NativeMethodAccessorImpl.invoke(Unknown Source)
	at sun.reflect.DelegatingMethodAccessorImpl.invoke(Unknown Source)
	at java.lang.reflect.Method.invoke(Unknown Source)
	at org.testng.internal.MethodInvocationHelper.invokeMethod(MethodInvocationHelper.java:86)
	at org.testng.internal.Invoker.invokeMethod(Invoker.java:646)
	at org.testng.internal.Invoker.invokeTestMethod(Invoker.java:823)
	at org.testng.internal.Invoker.invokeTestMethods(Invoker.java:1131)
	at org.testng.internal.TestMethodWorker.invokeTestMethods(TestMethodWorker.java:129)
	at org.testng.internal.TestMethodWorker.run(TestMethodWorker.java:112)
	at java.util.concurrent.ThreadPoolExecutor.runWorker(Unknown Source)
	at java.util.concurrent.ThreadPoolExecutor$Worker.run(Unknown Source)
	at java.lang.Thread.run(Unknown Source)
Caused by: org.openqa.selenium.remote.UnreachableBrowserException: Error communicating with the remote browser. It may have died.
Build info: version: &apos;2.53.0&apos;, revision: &apos;35ae25b1534ae328c771e0856c93e187490ca824&apos;, time: &apos;2016-03-15 10:43:46&apos;
System info: host: &apos;XEN-769&apos;, ip: &apos;10.1.249.94&apos;, os.name: &apos;Windows 7&apos;, os.arch: &apos;amd64&apos;, os.version: &apos;6.1&apos;, java.version: &apos;1.8.0_77&apos;
Driver info: driver.version: FirefoxDriver
Capabilities [{applicationCacheEnabled=true, rotatable=false, handlesAlerts=true, databaseEnabled=true, version=43.0.1, platform=WINDOWS, nativeEvents=false, acceptSslCerts=true, webStorageEnabled=true, locationContextEnabled=true, browserName=firefox, takesScreenshot=true, javascriptEnabled=true, cssSelectorsEnabled=true}]
Session ID: 5610945f-45e6-43f8-b97d-84e51cbd0e71
	at org.openqa.selenium.remote.RemoteWebDriver.execute(RemoteWebDriver.java:665)
	at org.openqa.selenium.remote.RemoteWebDriver.execute(RemoteWebDriver.java:701)
	at org.openqa.selenium.firefox.FirefoxDriver.getScreenshotAs(FirefoxDriver.java:341)
	at com.xavient.framework.util.Keywords_reflection.takeScreenShot(Keywords_reflection.java:367)
	at com.xavient.framework.util.Keywords_reflection.reportFailureAndStop(Keywords_reflection.java:320)
	at com.xavient.framework.util.Keywords_reflection.verifyGoogleSearch(Keywords_reflection.java:278)
	... 19 more
Caused by: org.apache.http.conn.HttpHostConnectException: Connect to 127.0.0.1:7057 [/127.0.0.1] failed: Connection refused: connect
	at org.apache.http.impl.conn.HttpClientConnectionOperator.connect(HttpClientConnectionOperator.java:140)
	at org.apache.http.impl.conn.PoolingHttpClientConnectionManager.connect(PoolingHttpClientConnectionManager.java:314)
	at org.apache.http.impl.execchain.MainClientExec.establishRoute(MainClientExec.java:363)
	at org.apache.http.impl.execchain.MainClientExec.execute(MainClientExec.java:219)
	at org.apache.http.impl.execchain.ProtocolExec.execute(ProtocolExec.java:195)
	at org.apache.http.impl.execchain.RetryExec.execute(RetryExec.java:86)
	at org.apache.http.impl.execchain.RedirectExec.execute(RedirectExec.java:108)
	at org.apache.http.impl.client.InternalHttpClient.doExecute(InternalHttpClient.java:186)
	at org.apache.http.impl.client.CloseableHttpClient.execute(CloseableHttpClient.java:72)
	at org.apache.http.impl.client.CloseableHttpClient.execute(CloseableHttpClient.java:57)
	at org.openqa.selenium.remote.internal.ApacheHttpClient.fallBackExecute(ApacheHttpClient.java:144)
	at org.openqa.selenium.remote.internal.ApacheHttpClient.execute(ApacheHttpClient.java:90)
	at org.openqa.selenium.remote.HttpCommandExecutor.execute(HttpCommandExecutor.java:142)
	at org.openqa.selenium.firefox.internal.NewProfileExtensionConnection.execute(NewProfileExtensionConnection.java:160)
	at org.openqa.selenium.firefox.FirefoxDriver$LazyCommandExecutor.execute(FirefoxDriver.java:380)
	at org.openqa.selenium.remote.RemoteWebDriver.execute(RemoteWebDriver.java:644)
	... 24 more
Caused by: java.net.ConnectException: Connection refused: connect
	at java.net.DualStackPlainSocketImpl.waitForConnect(Native Method)
	at java.net.DualStackPlainSocketImpl.socketConnect(Unknown Source)
	at java.net.AbstractPlainSocketImpl.doConnect(Unknown Source)
	at java.net.AbstractPlainSocketImpl.connectToAddress(Unknown Source)
	at java.net.AbstractPlainSocketImpl.connect(Unknown Source)
	at java.net.PlainSocketImpl.connect(Unknown Source)
	at java.net.SocksSocketImpl.connect(Unknown Source)
	at java.net.Socket.connect(Unknown Source)
	at org.apache.http.conn.socket.PlainConnectionSocketFactory.connectSocket(PlainConnectionSocketFactory.java:72)
	at org.apache.http.impl.conn.HttpClientConnectionOperator.connect(HttpClientConnectionOperator.java:117)
	... 39 more
</pre></div></td>
<td>36</td>
<td>com.xavient.framework.WebApplicationSuite.googleSearchTest@475530b9</td></tr>
<tr>
<td title='com.xavient.framework.WebApplicationSuite.googleSearchTest.googleSearchVerifyTextTest()'><b>googleSearchVerifyTextTest</b><br>Test class: com.xavient.framework.WebApplicationSuite.googleSearchTest<br>Parameters: {SearchText=FIROZ, Runmode=Y, Iteration=2, Expected=FIROZ, Browser=mozilla}</td>
<td><div><pre>java.lang.NullPointerException
	at com.xavient.framework.util.Xls_Reader.getRowCount(Xls_Reader.java:48)
	at com.xavient.framework.util.Utility.isTestCaseRunnable(Utility.java:85)
	at com.xavient.framework.util.Utility.validateTestExecution(Utility.java:113)
	at com.xavient.framework.WebApplicationSuite.googleSearchTest.googleSearchVerifyTextTest(googleSearchTest.java:54)
	at java.util.concurrent.ThreadPoolExecutor.runWorker(Unknown Source)
	at java.util.concurrent.ThreadPoolExecutor$Worker.run(Unknown Source)
	at java.lang.Thread.run(Unknown Source)
... Removed 10 stack frames</pre></div><a href='#' onClick='toggleBox("stack-trace1913915886", this, "Click to show all stack frames", "Click to hide stack frames")'>Click to show all stack frames</a>
<div class='stack-trace' id='stack-trace1913915886'><pre>java.lang.NullPointerException
	at com.xavient.framework.util.Xls_Reader.getRowCount(Xls_Reader.java:48)
	at com.xavient.framework.util.Utility.isTestCaseRunnable(Utility.java:85)
	at com.xavient.framework.util.Utility.validateTestExecution(Utility.java:113)
	at com.xavient.framework.WebApplicationSuite.googleSearchTest.googleSearchVerifyTextTest(googleSearchTest.java:54)
	at sun.reflect.NativeMethodAccessorImpl.invoke0(Native Method)
	at sun.reflect.NativeMethodAccessorImpl.invoke(Unknown Source)
	at sun.reflect.DelegatingMethodAccessorImpl.invoke(Unknown Source)
	at java.lang.reflect.Method.invoke(Unknown Source)
	at org.testng.internal.MethodInvocationHelper.invokeMethod(MethodInvocationHelper.java:86)
	at org.testng.internal.Invoker.invokeMethod(Invoker.java:646)
	at org.testng.internal.Invoker.invokeTestMethod(Invoker.java:823)
	at org.testng.internal.Invoker.invokeTestMethods(Invoker.java:1131)
	at org.testng.internal.TestMethodWorker.invokeTestMethods(TestMethodWorker.java:129)
	at org.testng.internal.TestMethodWorker.run(TestMethodWorker.java:112)
	at java.util.concurrent.ThreadPoolExecutor.runWorker(Unknown Source)
	at java.util.concurrent.ThreadPoolExecutor$Worker.run(Unknown Source)
	at java.lang.Thread.run(Unknown Source)
</pre></div></td>
<td>0</td>
<td>com.xavient.framework.WebApplicationSuite.googleSearchTest@475530b9</td></tr>
<tr>
<td title='com.xavient.framework.WebApplicationSuite.googleSearchTest.googleSearchVerifyTextTest()'><b>googleSearchVerifyTextTest</b><br>Test class: com.xavient.framework.WebApplicationSuite.googleSearchTest<br>Parameters: {SearchText=PRANAV, Runmode=N, Iteration=3, Expected=PRANAV, Browser=mozilla}</td>
<td><div><pre>java.lang.NullPointerException
	at com.xavient.framework.util.Xls_Reader.getRowCount(Xls_Reader.java:48)
	at com.xavient.framework.util.Utility.isTestCaseRunnable(Utility.java:85)
	at com.xavient.framework.util.Utility.validateTestExecution(Utility.java:113)
	at com.xavient.framework.WebApplicationSuite.googleSearchTest.googleSearchVerifyTextTest(googleSearchTest.java:54)
	at java.util.concurrent.ThreadPoolExecutor.runWorker(Unknown Source)
	at java.util.concurrent.ThreadPoolExecutor$Worker.run(Unknown Source)
	at java.lang.Thread.run(Unknown Source)
... Removed 10 stack frames</pre></div><a href='#' onClick='toggleBox("stack-trace1807990117", this, "Click to show all stack frames", "Click to hide stack frames")'>Click to show all stack frames</a>
<div class='stack-trace' id='stack-trace1807990117'><pre>java.lang.NullPointerException
	at com.xavient.framework.util.Xls_Reader.getRowCount(Xls_Reader.java:48)
	at com.xavient.framework.util.Utility.isTestCaseRunnable(Utility.java:85)
	at com.xavient.framework.util.Utility.validateTestExecution(Utility.java:113)
	at com.xavient.framework.WebApplicationSuite.googleSearchTest.googleSearchVerifyTextTest(googleSearchTest.java:54)
	at sun.reflect.NativeMethodAccessorImpl.invoke0(Native Method)
	at sun.reflect.NativeMethodAccessorImpl.invoke(Unknown Source)
	at sun.reflect.DelegatingMethodAccessorImpl.invoke(Unknown Source)
	at java.lang.reflect.Method.invoke(Unknown Source)
	at org.testng.internal.MethodInvocationHelper.invokeMethod(MethodInvocationHelper.java:86)
	at org.testng.internal.Invoker.invokeMethod(Invoker.java:646)
	at org.testng.internal.Invoker.invokeTestMethod(Invoker.java:823)
	at org.testng.internal.Invoker.invokeTestMethods(Invoker.java:1131)
	at org.testng.internal.TestMethodWorker.invokeTestMethods(TestMethodWorker.java:129)
	at org.testng.internal.TestMethodWorker.run(TestMethodWorker.java:112)
	at java.util.concurrent.ThreadPoolExecutor.runWorker(Unknown Source)
	at java.util.concurrent.ThreadPoolExecutor$Worker.run(Unknown Source)
	at java.lang.Thread.run(Unknown Source)
</pre></div></td>
<td>0</td>
<td>com.xavient.framework.WebApplicationSuite.googleSearchTest@475530b9</td></tr>
<tr>
<td title='com.xavient.framework.WebApplicationSuite.googleSearchTest.googleSearchVerifyTextTestq()'><b>googleSearchVerifyTextTestq</b><br>Test class: com.xavient.framework.WebApplicationSuite.googleSearchTest<br>Parameters: {SearchText=, Runmode=y, Iteration=2, Expected=, Browser=mozilla}</td>
<td><div><pre>java.lang.NullPointerException
	at com.xavient.framework.util.Xls_Reader.getRowCount(Xls_Reader.java:48)
	at com.xavient.framework.util.Utility.isTestCaseRunnable(Utility.java:85)
	at com.xavient.framework.util.Utility.validateTestExecution(Utility.java:113)
	at com.xavient.framework.WebApplicationSuite.googleSearchTest.googleSearchVerifyTextTestq(googleSearchTest.java:76)
	at java.util.concurrent.ThreadPoolExecutor.runWorker(Unknown Source)
	at java.util.concurrent.ThreadPoolExecutor$Worker.run(Unknown Source)
	at java.lang.Thread.run(Unknown Source)
... Removed 10 stack frames</pre></div><a href='#' onClick='toggleBox("stack-trace1791418622", this, "Click to show all stack frames", "Click to hide stack frames")'>Click to show all stack frames</a>
<div class='stack-trace' id='stack-trace1791418622'><pre>java.lang.NullPointerException
	at com.xavient.framework.util.Xls_Reader.getRowCount(Xls_Reader.java:48)
	at com.xavient.framework.util.Utility.isTestCaseRunnable(Utility.java:85)
	at com.xavient.framework.util.Utility.validateTestExecution(Utility.java:113)
	at com.xavient.framework.WebApplicationSuite.googleSearchTest.googleSearchVerifyTextTestq(googleSearchTest.java:76)
	at sun.reflect.NativeMethodAccessorImpl.invoke0(Native Method)
	at sun.reflect.NativeMethodAccessorImpl.invoke(Unknown Source)
	at sun.reflect.DelegatingMethodAccessorImpl.invoke(Unknown Source)
	at java.lang.reflect.Method.invoke(Unknown Source)
	at org.testng.internal.MethodInvocationHelper.invokeMethod(MethodInvocationHelper.java:86)
	at org.testng.internal.Invoker.invokeMethod(Invoker.java:646)
	at org.testng.internal.Invoker.invokeTestMethod(Invoker.java:823)
	at org.testng.internal.Invoker.invokeTestMethods(Invoker.java:1131)
	at org.testng.internal.TestMethodWorker.invokeTestMethods(TestMethodWorker.java:129)
	at org.testng.internal.TestMethodWorker.run(TestMethodWorker.java:112)
	at java.util.concurrent.ThreadPoolExecutor.runWorker(Unknown Source)
	at java.util.concurrent.ThreadPoolExecutor$Worker.run(Unknown Source)
	at java.lang.Thread.run(Unknown Source)
</pre></div></td>
<td>0</td>
<td>com.xavient.framework.WebApplicationSuite.googleSearchTest@475530b9</td></tr>
<tr>
<td title='com.xavient.framework.WebApplicationSuite.googleSearchTest.googleSearchVerifyTextTestq()'><b>googleSearchVerifyTextTestq</b><br>Test class: com.xavient.framework.WebApplicationSuite.googleSearchTest<br>Parameters: {SearchText=, Runmode=N, Iteration=3, Expected=, Browser=mozilla}</td>
<td><div><pre>java.lang.NullPointerException
	at com.xavient.framework.util.Xls_Reader.getRowCount(Xls_Reader.java:48)
	at com.xavient.framework.util.Utility.isTestCaseRunnable(Utility.java:85)
	at com.xavient.framework.util.Utility.validateTestExecution(Utility.java:113)
	at com.xavient.framework.WebApplicationSuite.googleSearchTest.googleSearchVerifyTextTestq(googleSearchTest.java:76)
	at java.util.concurrent.ThreadPoolExecutor.runWorker(Unknown Source)
	at java.util.concurrent.ThreadPoolExecutor$Worker.run(Unknown Source)
	at java.lang.Thread.run(Unknown Source)
... Removed 10 stack frames</pre></div><a href='#' onClick='toggleBox("stack-trace1725449769", this, "Click to show all stack frames", "Click to hide stack frames")'>Click to show all stack frames</a>
<div class='stack-trace' id='stack-trace1725449769'><pre>java.lang.NullPointerException
	at com.xavient.framework.util.Xls_Reader.getRowCount(Xls_Reader.java:48)
	at com.xavient.framework.util.Utility.isTestCaseRunnable(Utility.java:85)
	at com.xavient.framework.util.Utility.validateTestExecution(Utility.java:113)
	at com.xavient.framework.WebApplicationSuite.googleSearchTest.googleSearchVerifyTextTestq(googleSearchTest.java:76)
	at sun.reflect.NativeMethodAccessorImpl.invoke0(Native Method)
	at sun.reflect.NativeMethodAccessorImpl.invoke(Unknown Source)
	at sun.reflect.DelegatingMethodAccessorImpl.invoke(Unknown Source)
	at java.lang.reflect.Method.invoke(Unknown Source)
	at org.testng.internal.MethodInvocationHelper.invokeMethod(MethodInvocationHelper.java:86)
	at org.testng.internal.Invoker.invokeMethod(Invoker.java:646)
	at org.testng.internal.Invoker.invokeTestMethod(Invoker.java:823)
	at org.testng.internal.Invoker.invokeTestMethods(Invoker.java:1131)
	at org.testng.internal.TestMethodWorker.invokeTestMethods(TestMethodWorker.java:129)
	at org.testng.internal.TestMethodWorker.run(TestMethodWorker.java:112)
	at java.util.concurrent.ThreadPoolExecutor.runWorker(Unknown Source)
	at java.util.concurrent.ThreadPoolExecutor$Worker.run(Unknown Source)
	at java.lang.Thread.run(Unknown Source)
</pre></div></td>
<td>0</td>
<td>com.xavient.framework.WebApplicationSuite.googleSearchTest@475530b9</td></tr>
</table><p>
<table width='100%' border='1' class='invocation-passed'>
<tr><td colspan='4' align='center'><b>PASSED TESTS</b></td></tr>
<tr><td><b>Test method</b></td>
<td width="30%"><b>Exception</b></td>
<td width="10%"><b>Time (seconds)</b></td>
<td><b>Instance</b></td>
</tr>
<tr>
<td title='com.xavient.framework.WebApplicationSuite.googleSearchTest.googleSearchTest()'><b>googleSearchTest</b><br>Test class: com.xavient.framework.WebApplicationSuite.googleSearchTest<br>Parameters: {Runmode=y, Iteration=1, ExpectedTitle=Google, Browser=mozilla}</td>
<td></td>
<td>31</td>
<td>com.xavient.framework.WebApplicationSuite.googleSearchTest@475530b9</td></tr>
<tr>
<td title='com.xavient.framework.WebApplicationSuite.googleSearchTest.googleSearchVerifyTextTestq()'><b>googleSearchVerifyTextTestq</b><br>Test class: com.xavient.framework.WebApplicationSuite.googleSearchTest<br>Parameters: {SearchText=, Runmode=y, Iteration=1, Expected=, Browser=mozilla}</td>
<td></td>
<td>12</td>
<td>com.xavient.framework.WebApplicationSuite.googleSearchTest@475530b9</td></tr>
</table><p>
</body>
</html>