<?xml version="1.0" encoding="UTF-8"?>
<!-- Generated by org.testng.reporters.JUnitReportReporter -->
<testsuite hostname="XEN-1001" name="googleSearchTest" tests="5" failures="0" timestamp="4 May 2016 09:36:30 GMT" time="11.902" errors="1">
  <testcase name="googleSearchVerifyTextTest" time="1.828" classname="googleSearchTest"/>
  <testcase name="googleSearchVerifyTextTest" time="2.119" classname="googleSearchTest">
    <error type="java.lang.reflect.InvocationTargetException">
      <![CDATA[java.lang.reflect.InvocationTargetException
	at sun.reflect.NativeMethodAccessorImpl.invoke0(Native Method)
	at sun.reflect.NativeMethodAccessorImpl.invoke(NativeMethodAccessorImpl.java:62)
	at sun.reflect.DelegatingMethodAccessorImpl.invoke(DelegatingMethodAccessorImpl.java:43)
	at java.lang.reflect.Method.invoke(Method.java:497)
	at Keywords_reflection.executeKeywords(Keywords_reflection.java:92)
	at googleSearchTest.googleSearchVerifyTextTest(googleSearchTest.java:45)
	at sun.reflect.NativeMethodAccessorImpl.invoke0(Native Method)
	at sun.reflect.NativeMethodAccessorImpl.invoke(NativeMethodAccessorImpl.java:62)
	at sun.reflect.DelegatingMethodAccessorImpl.invoke(DelegatingMethodAccessorImpl.java:43)
	at java.lang.reflect.Method.invoke(Method.java:497)
	at org.testng.internal.MethodInvocationHelper.invokeMethod(MethodInvocationHelper.java:86)
	at org.testng.internal.Invoker.invokeMethod(Invoker.java:646)
	at org.testng.internal.Invoker.invokeTestMethod(Invoker.java:823)
	at org.testng.internal.Invoker.invokeTestMethods(Invoker.java:1131)
	at org.testng.internal.TestMethodWorker.invokeTestMethods(TestMethodWorker.java:129)
	at org.testng.internal.TestMethodWorker.run(TestMethodWorker.java:112)
	at org.testng.TestRunner.privateRun(TestRunner.java:778)
	at org.testng.TestRunner.run(TestRunner.java:632)
	at org.testng.SuiteRunner.runTest(SuiteRunner.java:366)
	at org.testng.SuiteRunner.runSequentially(SuiteRunner.java:361)
	at org.testng.SuiteRunner.privateRun(SuiteRunner.java:319)
	at org.testng.SuiteRunner.run(SuiteRunner.java:268)
	at org.testng.SuiteRunnerWorker.runSuite(SuiteRunnerWorker.java:52)
	at org.testng.SuiteRunnerWorker.run(SuiteRunnerWorker.java:86)
	at org.testng.TestNG.runSuitesSequentially(TestNG.java:1225)
	at org.testng.TestNG.runSuitesLocally(TestNG.java:1150)
	at org.testng.TestNG.runSuites(TestNG.java:1075)
	at org.testng.TestNG.run(TestNG.java:1047)
	at org.testng.remote.AbstractRemoteTestNG.run(AbstractRemoteTestNG.java:126)
	at org.testng.remote.RemoteTestNG.initAndRun(RemoteTestNG.java:137)
	at org.testng.remote.RemoteTestNG.main(RemoteTestNG.java:58)
Caused by: java.lang.AssertionError: FAIL - DATA DOES NOT MATCH THE EXCPECTED FIROZ actual https://en.wikipedia.org/wiki/Firuz_Shah_Tughlaq
	at org.testng.Assert.fail(Assert.java:94)
	at Keywords_reflection.reportFailureAndStop(Keywords_reflection.java:278)
	at Keywords_reflection.verifyGoogleSearch(Keywords_reflection.java:233)
	... 31 more
]]>
    </error>
  </testcase> <!-- googleSearchVerifyTextTest -->
  <testcase name="googleSearchTest" time="5.249" classname="googleSearchTest"/>
  <testcase name="googleSearchVerifyTextTest" time="2.166" classname="googleSearchTest"/>
  <testcase name="googleSearchTest" time="0.540" classname="googleSearchTest"/>
</testsuite> <!-- googleSearchTest -->
