<?xml version="1.0" encoding="UTF-8"?>
<!-- Generated by org.testng.reporters.JUnitReportReporter -->
<testsuite hostname="XAV-101000616" name="com.xavient.framework.WebApplicationSuite.googleSearchTest" tests="11" failures="0" timestamp="6 Dec 2016 06:17:26 GMT" time="37.042" errors="9">
  <testcase name="googleSearchVerifyTextTestq" time="1.218" classname="com.xavient.framework.WebApplicationSuite.googleSearchTest">
    <error type="org.testng.SkipException" message="Skipping the test googleSearchVerifyTextTestq as runmode of test was NO">
      <![CDATA[org.testng.SkipException: Skipping the test googleSearchVerifyTextTestq as runmode of test was NO
	at com.xavient.framework.util.Utility.validateTestExecution(Utility.java:115)
	at com.xavient.framework.WebApplicationSuite.googleSearchTest.googleSearchVerifyTextTestq(googleSearchTest.java:81)
	at sun.reflect.NativeMethodAccessorImpl.invoke0(Native Method)
	at sun.reflect.NativeMethodAccessorImpl.invoke(NativeMethodAccessorImpl.java:62)
	at sun.reflect.DelegatingMethodAccessorImpl.invoke(DelegatingMethodAccessorImpl.java:43)
	at java.lang.reflect.Method.invoke(Method.java:498)
	at org.testng.internal.MethodInvocationHelper.invokeMethod(MethodInvocationHelper.java:86)
	at org.testng.internal.Invoker.invokeMethod(Invoker.java:643)
	at org.testng.internal.Invoker.invokeTestMethod(Invoker.java:820)
	at org.testng.internal.Invoker.invokeTestMethods(Invoker.java:1128)
	at org.testng.internal.TestMethodWorker.invokeTestMethods(TestMethodWorker.java:129)
	at org.testng.internal.TestMethodWorker.run(TestMethodWorker.java:112)
	at java.util.concurrent.ThreadPoolExecutor.runWorker(ThreadPoolExecutor.java:1142)
	at java.util.concurrent.ThreadPoolExecutor$Worker.run(ThreadPoolExecutor.java:617)
	at java.lang.Thread.run(Thread.java:745)
]]>
    </error>
  </testcase> <!-- googleSearchVerifyTextTestq -->
  <testcase name="googleSearchVerifyTextTest" time="1.354" classname="com.xavient.framework.WebApplicationSuite.googleSearchTest">
    <error type="org.testng.SkipException" message="Skipping the test googleSearchVerifyTextTest as runmode of test was NO">
      <![CDATA[org.testng.SkipException: Skipping the test googleSearchVerifyTextTest as runmode of test was NO
	at com.xavient.framework.util.Utility.validateTestExecution(Utility.java:115)
	at com.xavient.framework.WebApplicationSuite.googleSearchTest.googleSearchVerifyTextTest(googleSearchTest.java:59)
	at sun.reflect.NativeMethodAccessorImpl.invoke0(Native Method)
	at sun.reflect.NativeMethodAccessorImpl.invoke(NativeMethodAccessorImpl.java:62)
	at sun.reflect.DelegatingMethodAccessorImpl.invoke(DelegatingMethodAccessorImpl.java:43)
	at java.lang.reflect.Method.invoke(Method.java:498)
	at org.testng.internal.MethodInvocationHelper.invokeMethod(MethodInvocationHelper.java:86)
	at org.testng.internal.Invoker.invokeMethod(Invoker.java:643)
	at org.testng.internal.Invoker.invokeTestMethod(Invoker.java:820)
	at org.testng.internal.Invoker.invokeTestMethods(Invoker.java:1128)
	at org.testng.internal.TestMethodWorker.invokeTestMethods(TestMethodWorker.java:129)
	at org.testng.internal.TestMethodWorker.run(TestMethodWorker.java:112)
	at java.util.concurrent.ThreadPoolExecutor.runWorker(ThreadPoolExecutor.java:1142)
	at java.util.concurrent.ThreadPoolExecutor$Worker.run(ThreadPoolExecutor.java:617)
	at java.lang.Thread.run(Thread.java:745)
]]>
    </error>
  </testcase> <!-- googleSearchVerifyTextTest -->
  <testcase name="googleSearchVerifyTextTest" time="1.135" classname="com.xavient.framework.WebApplicationSuite.googleSearchTest">
    <error type="org.testng.SkipException" message="Skipping the test googleSearchVerifyTextTest as runmode of test was NO">
      <![CDATA[org.testng.SkipException: Skipping the test googleSearchVerifyTextTest as runmode of test was NO
	at com.xavient.framework.util.Utility.validateTestExecution(Utility.java:115)
	at com.xavient.framework.WebApplicationSuite.googleSearchTest.googleSearchVerifyTextTest(googleSearchTest.java:59)
	at sun.reflect.NativeMethodAccessorImpl.invoke0(Native Method)
	at sun.reflect.NativeMethodAccessorImpl.invoke(NativeMethodAccessorImpl.java:62)
	at sun.reflect.DelegatingMethodAccessorImpl.invoke(DelegatingMethodAccessorImpl.java:43)
	at java.lang.reflect.Method.invoke(Method.java:498)
	at org.testng.internal.MethodInvocationHelper.invokeMethod(MethodInvocationHelper.java:86)
	at org.testng.internal.Invoker.invokeMethod(Invoker.java:643)
	at org.testng.internal.Invoker.invokeTestMethod(Invoker.java:820)
	at org.testng.internal.Invoker.invokeTestMethods(Invoker.java:1128)
	at org.testng.internal.TestMethodWorker.invokeTestMethods(TestMethodWorker.java:129)
	at org.testng.internal.TestMethodWorker.run(TestMethodWorker.java:112)
	at java.util.concurrent.ThreadPoolExecutor.runWorker(ThreadPoolExecutor.java:1142)
	at java.util.concurrent.ThreadPoolExecutor$Worker.run(ThreadPoolExecutor.java:617)
	at java.lang.Thread.run(Thread.java:745)
]]>
    </error>
  </testcase> <!-- googleSearchVerifyTextTest -->
  <testcase name="googleSearchVerifyTextTestq" time="1.186" classname="com.xavient.framework.WebApplicationSuite.googleSearchTest">
    <error type="org.testng.SkipException" message="Skipping the test googleSearchVerifyTextTestq as runmode of test was NO">
      <![CDATA[org.testng.SkipException: Skipping the test googleSearchVerifyTextTestq as runmode of test was NO
	at com.xavient.framework.util.Utility.validateTestExecution(Utility.java:115)
	at com.xavient.framework.WebApplicationSuite.googleSearchTest.googleSearchVerifyTextTestq(googleSearchTest.java:81)
	at sun.reflect.NativeMethodAccessorImpl.invoke0(Native Method)
	at sun.reflect.NativeMethodAccessorImpl.invoke(NativeMethodAccessorImpl.java:62)
	at sun.reflect.DelegatingMethodAccessorImpl.invoke(DelegatingMethodAccessorImpl.java:43)
	at java.lang.reflect.Method.invoke(Method.java:498)
	at org.testng.internal.MethodInvocationHelper.invokeMethod(MethodInvocationHelper.java:86)
	at org.testng.internal.Invoker.invokeMethod(Invoker.java:643)
	at org.testng.internal.Invoker.invokeTestMethod(Invoker.java:820)
	at org.testng.internal.Invoker.invokeTestMethods(Invoker.java:1128)
	at org.testng.internal.TestMethodWorker.invokeTestMethods(TestMethodWorker.java:129)
	at org.testng.internal.TestMethodWorker.run(TestMethodWorker.java:112)
	at java.util.concurrent.ThreadPoolExecutor.runWorker(ThreadPoolExecutor.java:1142)
	at java.util.concurrent.ThreadPoolExecutor$Worker.run(ThreadPoolExecutor.java:617)
	at java.lang.Thread.run(Thread.java:745)
]]>
    </error>
  </testcase> <!-- googleSearchVerifyTextTestq -->
  <testcase name="googleSearchTest" time="13.191" classname="com.xavient.framework.WebApplicationSuite.googleSearchTest"/>
  <testcase name="googleSearchVerifyTextTestqw" time="1.082" classname="com.xavient.framework.WebApplicationSuite.googleSearchTest">
    <error type="org.testng.SkipException" message="Skipping the test googleSearchVerifyTextTestqw as runmode of test was NO">
      <![CDATA[org.testng.SkipException: Skipping the test googleSearchVerifyTextTestqw as runmode of test was NO
	at com.xavient.framework.util.Utility.validateTestExecution(Utility.java:115)
	at com.xavient.framework.WebApplicationSuite.googleSearchTest.googleSearchVerifyTextTestqw(googleSearchTest.java:101)
	at sun.reflect.NativeMethodAccessorImpl.invoke0(Native Method)
	at sun.reflect.NativeMethodAccessorImpl.invoke(NativeMethodAccessorImpl.java:62)
	at sun.reflect.DelegatingMethodAccessorImpl.invoke(DelegatingMethodAccessorImpl.java:43)
	at java.lang.reflect.Method.invoke(Method.java:498)
	at org.testng.internal.MethodInvocationHelper.invokeMethod(MethodInvocationHelper.java:86)
	at org.testng.internal.Invoker.invokeMethod(Invoker.java:643)
	at org.testng.internal.Invoker.invokeTestMethod(Invoker.java:820)
	at org.testng.internal.Invoker.invokeTestMethods(Invoker.java:1128)
	at org.testng.internal.TestMethodWorker.invokeTestMethods(TestMethodWorker.java:129)
	at org.testng.internal.TestMethodWorker.run(TestMethodWorker.java:112)
	at java.util.concurrent.ThreadPoolExecutor.runWorker(ThreadPoolExecutor.java:1142)
	at java.util.concurrent.ThreadPoolExecutor$Worker.run(ThreadPoolExecutor.java:617)
	at java.lang.Thread.run(Thread.java:745)
]]>
    </error>
  </testcase> <!-- googleSearchVerifyTextTestqw -->
  <testcase name="googleSearchVerifyTextTestqw" time="1.082" classname="com.xavient.framework.WebApplicationSuite.googleSearchTest">
    <error type="org.testng.SkipException" message="Skipping the test googleSearchVerifyTextTestqw as runmode of test was NO">
      <![CDATA[org.testng.SkipException: Skipping the test googleSearchVerifyTextTestqw as runmode of test was NO
	at com.xavient.framework.util.Utility.validateTestExecution(Utility.java:115)
	at com.xavient.framework.WebApplicationSuite.googleSearchTest.googleSearchVerifyTextTestqw(googleSearchTest.java:101)
	at sun.reflect.NativeMethodAccessorImpl.invoke0(Native Method)
	at sun.reflect.NativeMethodAccessorImpl.invoke(NativeMethodAccessorImpl.java:62)
	at sun.reflect.DelegatingMethodAccessorImpl.invoke(DelegatingMethodAccessorImpl.java:43)
	at java.lang.reflect.Method.invoke(Method.java:498)
	at org.testng.internal.MethodInvocationHelper.invokeMethod(MethodInvocationHelper.java:86)
	at org.testng.internal.Invoker.invokeMethod(Invoker.java:643)
	at org.testng.internal.Invoker.invokeTestMethod(Invoker.java:820)
	at org.testng.internal.Invoker.invokeTestMethods(Invoker.java:1128)
	at org.testng.internal.TestMethodWorker.invokeTestMethods(TestMethodWorker.java:129)
	at org.testng.internal.TestMethodWorker.run(TestMethodWorker.java:112)
	at java.util.concurrent.ThreadPoolExecutor.runWorker(ThreadPoolExecutor.java:1142)
	at java.util.concurrent.ThreadPoolExecutor$Worker.run(ThreadPoolExecutor.java:617)
	at java.lang.Thread.run(Thread.java:745)
]]>
    </error>
  </testcase> <!-- googleSearchVerifyTextTestqw -->
  <testcase name="googleSearchTest" time="13.141" classname="com.xavient.framework.WebApplicationSuite.googleSearchTest"/>
  <testcase name="googleSearchVerifyTextTest" time="1.220" classname="com.xavient.framework.WebApplicationSuite.googleSearchTest">
    <error type="org.testng.SkipException" message="Skipping the test googleSearchVerifyTextTest as runmode of test was NO">
      <![CDATA[org.testng.SkipException: Skipping the test googleSearchVerifyTextTest as runmode of test was NO
	at com.xavient.framework.util.Utility.validateTestExecution(Utility.java:115)
	at com.xavient.framework.WebApplicationSuite.googleSearchTest.googleSearchVerifyTextTest(googleSearchTest.java:59)
	at sun.reflect.NativeMethodAccessorImpl.invoke0(Native Method)
	at sun.reflect.NativeMethodAccessorImpl.invoke(NativeMethodAccessorImpl.java:62)
	at sun.reflect.DelegatingMethodAccessorImpl.invoke(DelegatingMethodAccessorImpl.java:43)
	at java.lang.reflect.Method.invoke(Method.java:498)
	at org.testng.internal.MethodInvocationHelper.invokeMethod(MethodInvocationHelper.java:86)
	at org.testng.internal.Invoker.invokeMethod(Invoker.java:643)
	at org.testng.internal.Invoker.invokeTestMethod(Invoker.java:820)
	at org.testng.internal.Invoker.invokeTestMethods(Invoker.java:1128)
	at org.testng.internal.TestMethodWorker.invokeTestMethods(TestMethodWorker.java:129)
	at org.testng.internal.TestMethodWorker.run(TestMethodWorker.java:112)
	at java.util.concurrent.ThreadPoolExecutor.runWorker(ThreadPoolExecutor.java:1142)
	at java.util.concurrent.ThreadPoolExecutor$Worker.run(ThreadPoolExecutor.java:617)
	at java.lang.Thread.run(Thread.java:745)
]]>
    </error>
  </testcase> <!-- googleSearchVerifyTextTest -->
  <testcase name="googleSearchVerifyTextTestqw" time="1.079" classname="com.xavient.framework.WebApplicationSuite.googleSearchTest">
    <error type="org.testng.SkipException" message="Skipping the test googleSearchVerifyTextTestqw as runmode of test was NO">
      <![CDATA[org.testng.SkipException: Skipping the test googleSearchVerifyTextTestqw as runmode of test was NO
	at com.xavient.framework.util.Utility.validateTestExecution(Utility.java:115)
	at com.xavient.framework.WebApplicationSuite.googleSearchTest.googleSearchVerifyTextTestqw(googleSearchTest.java:101)
	at sun.reflect.NativeMethodAccessorImpl.invoke0(Native Method)
	at sun.reflect.NativeMethodAccessorImpl.invoke(NativeMethodAccessorImpl.java:62)
	at sun.reflect.DelegatingMethodAccessorImpl.invoke(DelegatingMethodAccessorImpl.java:43)
	at java.lang.reflect.Method.invoke(Method.java:498)
	at org.testng.internal.MethodInvocationHelper.invokeMethod(MethodInvocationHelper.java:86)
	at org.testng.internal.Invoker.invokeMethod(Invoker.java:643)
	at org.testng.internal.Invoker.invokeTestMethod(Invoker.java:820)
	at org.testng.internal.Invoker.invokeTestMethods(Invoker.java:1128)
	at org.testng.internal.TestMethodWorker.invokeTestMethods(TestMethodWorker.java:129)
	at org.testng.internal.TestMethodWorker.run(TestMethodWorker.java:112)
	at java.util.concurrent.ThreadPoolExecutor.runWorker(ThreadPoolExecutor.java:1142)
	at java.util.concurrent.ThreadPoolExecutor$Worker.run(ThreadPoolExecutor.java:617)
	at java.lang.Thread.run(Thread.java:745)
]]>
    </error>
  </testcase> <!-- googleSearchVerifyTextTestqw -->
  <testcase name="googleSearchVerifyTextTestq" time="1.354" classname="com.xavient.framework.WebApplicationSuite.googleSearchTest">
    <error type="org.testng.SkipException" message="Skipping the test googleSearchVerifyTextTestq as runmode of test was NO">
      <![CDATA[org.testng.SkipException: Skipping the test googleSearchVerifyTextTestq as runmode of test was NO
	at com.xavient.framework.util.Utility.validateTestExecution(Utility.java:115)
	at com.xavient.framework.WebApplicationSuite.googleSearchTest.googleSearchVerifyTextTestq(googleSearchTest.java:81)
	at sun.reflect.NativeMethodAccessorImpl.invoke0(Native Method)
	at sun.reflect.NativeMethodAccessorImpl.invoke(NativeMethodAccessorImpl.java:62)
	at sun.reflect.DelegatingMethodAccessorImpl.invoke(DelegatingMethodAccessorImpl.java:43)
	at java.lang.reflect.Method.invoke(Method.java:498)
	at org.testng.internal.MethodInvocationHelper.invokeMethod(MethodInvocationHelper.java:86)
	at org.testng.internal.Invoker.invokeMethod(Invoker.java:643)
	at org.testng.internal.Invoker.invokeTestMethod(Invoker.java:820)
	at org.testng.internal.Invoker.invokeTestMethods(Invoker.java:1128)
	at org.testng.internal.TestMethodWorker.invokeTestMethods(TestMethodWorker.java:129)
	at org.testng.internal.TestMethodWorker.run(TestMethodWorker.java:112)
	at java.util.concurrent.ThreadPoolExecutor.runWorker(ThreadPoolExecutor.java:1142)
	at java.util.concurrent.ThreadPoolExecutor$Worker.run(ThreadPoolExecutor.java:617)
	at java.lang.Thread.run(Thread.java:745)
]]>
    </error>
  </testcase> <!-- googleSearchVerifyTextTestq -->
</testsuite> <!-- com.xavient.framework.WebApplicationSuite.googleSearchTest -->
