<!DOCTYPE html PUBLIC "-//W3C//DTD XHTML 1.1//EN" "http://www.w3.org/TR/xhtml11/DTD/xhtml11.dtd">
<html xmlns="http://www.w3.org/1999/xhtml"><head><title>TestNG Report</title><style type="text/css">table {margin-bottom:10px;border-collapse:collapse;empty-cells:show}th,td {border:1px solid #009;padding:.25em .5em}th {vertical-align:bottom}td {vertical-align:top}table a {font-weight:bold}.stripe td {background-color: #E6EBF9}.num {text-align:right}.passedodd td {background-color: #3F3}.passedeven td {background-color: #0A0}.skippedodd td {background-color: #DDD}.skippedeven td {background-color: #CCC}.failedodd td,.attn {background-color: #F33}.failedeven td,.stripe .attn {background-color: #D00}.stacktrace {white-space:pre;font-family:monospace}.totop {font-size:85%;text-align:center;border-bottom:2px solid #000}</style></head><body><table><tr><th>Test</th><th># Passed</th><th># Skipped</th><th># Failed</th><th>Time (ms)</th><th>Included Groups</th><th>Excluded Groups</th></tr><tr><th colspan="7">My suite</th></tr><tr><th colspan="7">WEB SUITE</th></tr><tr><td><a href="#t0">Google Test</a></td><td class="num">2</td><td class="num attn">9</td><td class="num">0</td><td class="num">44,937</td><td></td><td></td></tr></table><table><thead><tr><th>Class</th><th>Method</th><th>Start</th><th>Time (ms)</th></tr></thead><tbody><tr><th colspan="4">My suite</th></tr></tbody><tbody><tr><th colspan="4">WEB SUITE</th></tr></tbody><tbody id="t0"><tr><th colspan="4">Google Test &#8212; skipped</th></tr><tr class="skippedeven"><td rowspan="9">com.xavient.framework.WebApplicationSuite.googleSearchTest</td><td><a href="#m0">googleSearchVerifyTextTest</a></td><td rowspan="3">1481005020233</td><td rowspan="3">1354</td></tr><tr class="skippedeven"><td><a href="#m1">googleSearchVerifyTextTest</a></td></tr><tr class="skippedeven"><td><a href="#m2">googleSearchVerifyTextTest</a></td></tr><tr class="skippedeven"><td><a href="#m3">googleSearchVerifyTextTestq</a></td><td rowspan="3">1481005021590</td><td rowspan="3">1218</td></tr><tr class="skippedeven"><td><a href="#m4">googleSearchVerifyTextTestq</a></td></tr><tr class="skippedeven"><td><a href="#m5">googleSearchVerifyTextTestq</a></td></tr><tr class="skippedeven"><td><a href="#m6">googleSearchVerifyTextTestqw</a></td><td rowspan="3">1481005023995</td><td rowspan="3">1082</td></tr><tr class="skippedeven"><td><a href="#m7">googleSearchVerifyTextTestqw</a></td></tr><tr class="skippedeven"><td><a href="#m8">googleSearchVerifyTextTestqw</a></td></tr><tr><th colspan="4">Google Test &#8212; passed</th></tr><tr class="passedeven"><td rowspan="2">com.xavient.framework.WebApplicationSuite.googleSearchTest</td><td><a href="#m9">googleSearchTest</a></td><td rowspan="2">1481005020285</td><td rowspan="2">13191</td></tr><tr class="passedeven"><td><a href="#m10">googleSearchTest</a></td></tr></tbody></table><h2>Google Test</h2><h3 id="m0">com.xavient.framework.WebApplicationSuite.googleSearchTest#googleSearchVerifyTextTest</h3><table class="result"><tr class="param"><th>Parameter #1</th></tr><tr class="param stripe"><td>{SearchText=HCL, Runmode=Y, Iteration=1, Expected=HCL, Browser=mozilla}</td></tr><tr><th>Exception</th></tr><tr><td><div class="stacktrace">org.testng.SkipException: Skipping the test googleSearchVerifyTextTest as runmode of test was NO
	at com.xavient.framework.util.Utility.validateTestExecution(Utility.java:115)
	at com.xavient.framework.WebApplicationSuite.googleSearchTest.googleSearchVerifyTextTest(googleSearchTest.java:59)
	at java.util.concurrent.ThreadPoolExecutor.runWorker(ThreadPoolExecutor.java:1142)
	at java.util.concurrent.ThreadPoolExecutor$Worker.run(ThreadPoolExecutor.java:617)
	at java.lang.Thread.run(Thread.java:745)
... Removed 10 stack frames</div></td></tr></table><p class="totop"><a href="#summary">back to summary</a></p><h3 id="m1">com.xavient.framework.WebApplicationSuite.googleSearchTest#googleSearchVerifyTextTest</h3><table class="result"><tr class="param"><th>Parameter #1</th></tr><tr class="param stripe"><td>{SearchText=PRANAV, Runmode=N, Iteration=3, Expected=PRANAV, Browser=mozilla}</td></tr><tr><th>Exception</th></tr><tr><td><div class="stacktrace">org.testng.SkipException: Skipping the test googleSearchVerifyTextTest as runmode of test was NO
	at com.xavient.framework.util.Utility.validateTestExecution(Utility.java:115)
	at com.xavient.framework.WebApplicationSuite.googleSearchTest.googleSearchVerifyTextTest(googleSearchTest.java:59)
	at java.util.concurrent.ThreadPoolExecutor.runWorker(ThreadPoolExecutor.java:1142)
	at java.util.concurrent.ThreadPoolExecutor$Worker.run(ThreadPoolExecutor.java:617)
	at java.lang.Thread.run(Thread.java:745)
... Removed 10 stack frames</div></td></tr></table><p class="totop"><a href="#summary">back to summary</a></p><h3 id="m2">com.xavient.framework.WebApplicationSuite.googleSearchTest#googleSearchVerifyTextTest</h3><table class="result"><tr class="param"><th>Parameter #1</th></tr><tr class="param stripe"><td>{SearchText=FIROZ, Runmode=N, Iteration=2, Expected=FIROZ, Browser=mozilla}</td></tr><tr><th>Exception</th></tr><tr><td><div class="stacktrace">org.testng.SkipException: Skipping the test googleSearchVerifyTextTest as runmode of test was NO
	at com.xavient.framework.util.Utility.validateTestExecution(Utility.java:115)
	at com.xavient.framework.WebApplicationSuite.googleSearchTest.googleSearchVerifyTextTest(googleSearchTest.java:59)
	at java.util.concurrent.ThreadPoolExecutor.runWorker(ThreadPoolExecutor.java:1142)
	at java.util.concurrent.ThreadPoolExecutor$Worker.run(ThreadPoolExecutor.java:617)
	at java.lang.Thread.run(Thread.java:745)
... Removed 10 stack frames</div></td></tr></table><p class="totop"><a href="#summary">back to summary</a></p><h3 id="m3">com.xavient.framework.WebApplicationSuite.googleSearchTest#googleSearchVerifyTextTestq</h3><table class="result"><tr class="param"><th>Parameter #1</th></tr><tr class="param stripe"><td>{SearchText=, Runmode=N, Iteration=2, Expected=, Browser=mozilla}</td></tr><tr><th>Exception</th></tr><tr><td><div class="stacktrace">org.testng.SkipException: Skipping the test googleSearchVerifyTextTestq as runmode of test was NO
	at com.xavient.framework.util.Utility.validateTestExecution(Utility.java:115)
	at com.xavient.framework.WebApplicationSuite.googleSearchTest.googleSearchVerifyTextTestq(googleSearchTest.java:81)
	at java.util.concurrent.ThreadPoolExecutor.runWorker(ThreadPoolExecutor.java:1142)
	at java.util.concurrent.ThreadPoolExecutor$Worker.run(ThreadPoolExecutor.java:617)
	at java.lang.Thread.run(Thread.java:745)
... Removed 10 stack frames</div></td></tr></table><p class="totop"><a href="#summary">back to summary</a></p><h3 id="m4">com.xavient.framework.WebApplicationSuite.googleSearchTest#googleSearchVerifyTextTestq</h3><table class="result"><tr class="param"><th>Parameter #1</th></tr><tr class="param stripe"><td>{SearchText=, Runmode=Y, Iteration=3, Expected=, Browser=mozilla}</td></tr><tr><th>Exception</th></tr><tr><td><div class="stacktrace">org.testng.SkipException: Skipping the test googleSearchVerifyTextTestq as runmode of test was NO
	at com.xavient.framework.util.Utility.validateTestExecution(Utility.java:115)
	at com.xavient.framework.WebApplicationSuite.googleSearchTest.googleSearchVerifyTextTestq(googleSearchTest.java:81)
	at java.util.concurrent.ThreadPoolExecutor.runWorker(ThreadPoolExecutor.java:1142)
	at java.util.concurrent.ThreadPoolExecutor$Worker.run(ThreadPoolExecutor.java:617)
	at java.lang.Thread.run(Thread.java:745)
... Removed 10 stack frames</div></td></tr></table><p class="totop"><a href="#summary">back to summary</a></p><h3 id="m5">com.xavient.framework.WebApplicationSuite.googleSearchTest#googleSearchVerifyTextTestq</h3><table class="result"><tr class="param"><th>Parameter #1</th></tr><tr class="param stripe"><td>{SearchText=, Runmode=Y, Iteration=1, Expected=, Browser=mozilla}</td></tr><tr><th>Exception</th></tr><tr><td><div class="stacktrace">org.testng.SkipException: Skipping the test googleSearchVerifyTextTestq as runmode of test was NO
	at com.xavient.framework.util.Utility.validateTestExecution(Utility.java:115)
	at com.xavient.framework.WebApplicationSuite.googleSearchTest.googleSearchVerifyTextTestq(googleSearchTest.java:81)
	at java.util.concurrent.ThreadPoolExecutor.runWorker(ThreadPoolExecutor.java:1142)
	at java.util.concurrent.ThreadPoolExecutor$Worker.run(ThreadPoolExecutor.java:617)
	at java.lang.Thread.run(Thread.java:745)
... Removed 10 stack frames</div></td></tr></table><p class="totop"><a href="#summary">back to summary</a></p><h3 id="m6">com.xavient.framework.WebApplicationSuite.googleSearchTest#googleSearchVerifyTextTestqw</h3><table class="result"><tr class="param"><th>Parameter #1</th></tr><tr class="param stripe"><td>{Runmode=N, Iteration=1, Expected=, ExpectedTitle=Google, Browser=mozilla}</td></tr><tr><th>Exception</th></tr><tr><td><div class="stacktrace">org.testng.SkipException: Skipping the test googleSearchVerifyTextTestqw as runmode of test was NO
	at com.xavient.framework.util.Utility.validateTestExecution(Utility.java:115)
	at com.xavient.framework.WebApplicationSuite.googleSearchTest.googleSearchVerifyTextTestqw(googleSearchTest.java:101)
	at java.util.concurrent.ThreadPoolExecutor.runWorker(ThreadPoolExecutor.java:1142)
	at java.util.concurrent.ThreadPoolExecutor$Worker.run(ThreadPoolExecutor.java:617)
	at java.lang.Thread.run(Thread.java:745)
... Removed 10 stack frames</div></td></tr></table><p class="totop"><a href="#summary">back to summary</a></p><h3 id="m7">com.xavient.framework.WebApplicationSuite.googleSearchTest#googleSearchVerifyTextTestqw</h3><table class="result"><tr class="param"><th>Parameter #1</th></tr><tr class="param stripe"><td>{Runmode=N, Iteration=3, Expected=, ExpectedTitle=Google, Browser=mozilla}</td></tr><tr><th>Exception</th></tr><tr><td><div class="stacktrace">org.testng.SkipException: Skipping the test googleSearchVerifyTextTestqw as runmode of test was NO
	at com.xavient.framework.util.Utility.validateTestExecution(Utility.java:115)
	at com.xavient.framework.WebApplicationSuite.googleSearchTest.googleSearchVerifyTextTestqw(googleSearchTest.java:101)
	at java.util.concurrent.ThreadPoolExecutor.runWorker(ThreadPoolExecutor.java:1142)
	at java.util.concurrent.ThreadPoolExecutor$Worker.run(ThreadPoolExecutor.java:617)
	at java.lang.Thread.run(Thread.java:745)
... Removed 10 stack frames</div></td></tr></table><p class="totop"><a href="#summary">back to summary</a></p><h3 id="m8">com.xavient.framework.WebApplicationSuite.googleSearchTest#googleSearchVerifyTextTestqw</h3><table class="result"><tr class="param"><th>Parameter #1</th></tr><tr class="param stripe"><td>{Runmode=Y, Iteration=2, Expected=, ExpectedTitle=Come, Browser=mozilla}</td></tr><tr><th>Exception</th></tr><tr><td><div class="stacktrace">org.testng.SkipException: Skipping the test googleSearchVerifyTextTestqw as runmode of test was NO
	at com.xavient.framework.util.Utility.validateTestExecution(Utility.java:115)
	at com.xavient.framework.WebApplicationSuite.googleSearchTest.googleSearchVerifyTextTestqw(googleSearchTest.java:101)
	at java.util.concurrent.ThreadPoolExecutor.runWorker(ThreadPoolExecutor.java:1142)
	at java.util.concurrent.ThreadPoolExecutor$Worker.run(ThreadPoolExecutor.java:617)
	at java.lang.Thread.run(Thread.java:745)
... Removed 10 stack frames</div></td></tr></table><p class="totop"><a href="#summary">back to summary</a></p><h3 id="m9">com.xavient.framework.WebApplicationSuite.googleSearchTest#googleSearchTest</h3><table class="result"><tr class="param"><th>Parameter #1</th></tr><tr class="param stripe"><td>{Runmode=Y, Iteration=1, ExpectedTitle=Google, Browser=mozilla}</td></tr></table><p class="totop"><a href="#summary">back to summary</a></p><h3 id="m10">com.xavient.framework.WebApplicationSuite.googleSearchTest#googleSearchTest</h3><table class="result"><tr class="param"><th>Parameter #1</th></tr><tr class="param stripe"><td>{Runmode=Y, Iteration=2, ExpectedTitle=s, Browser=mozilla}</td></tr></table><p class="totop"><a href="#summary">back to summary</a></p></body></html>