<?xml version="1.0" encoding="UTF-8"?>
<testng-results skipped="9" failed="0" total="11" passed="2">
  <reporter-output>
  </reporter-output>
  <suite name="My suite" duration-ms="0" started-at="2016-12-06T06:17:26Z" finished-at="2016-12-06T06:17:26Z">
    <groups>
    </groups>
  </suite> <!-- My suite -->
  <suite name="WEB SUITE" duration-ms="44937" started-at="2016-12-06T06:16:41Z" finished-at="2016-12-06T06:17:26Z">
    <groups>
    </groups>
    <test name="Google Test" duration-ms="44937" started-at="2016-12-06T06:16:41Z" finished-at="2016-12-06T06:17:26Z">
      <class name="com.xavient.framework.WebApplicationSuite.googleSearchTest">
        <test-method status="PASS" signature="config()[pri:0, instance:com.xavient.framework.WebApplicationSuite.googleSearchTest@735f7ae5]" name="config" is-config="true" duration-ms="18507" started-at="2016-12-06T11:46:41Z" finished-at="2016-12-06T11:47:00Z">
          <reporter-output>
          </reporter-output>
        </test-method> <!-- config -->
        <test-method status="SKIP" signature="googleSearchVerifyTextTest(java.util.Hashtable)[pri:0, instance:com.xavient.framework.WebApplicationSuite.googleSearchTest@735f7ae5]" name="googleSearchVerifyTextTest" duration-ms="1354" started-at="2016-12-06T11:47:00Z" data-provider="getDataForWebApplicationSuite" finished-at="2016-12-06T11:47:01Z">
          <params>
            <param index="0">
              <value>
                <![CDATA[{SearchText=HCL, Runmode=Y, Iteration=1, Expected=HCL, Browser=mozilla}]]>
              </value>
            </param>
          </params>
          <exception class="org.testng.SkipException">
            <message>
              <![CDATA[Skipping the test googleSearchVerifyTextTest as runmode of test was NO]]>
            </message>
            <full-stacktrace>
              <![CDATA[org.testng.SkipException: Skipping the test googleSearchVerifyTextTest as runmode of test was NO
	at com.xavient.framework.util.Utility.validateTestExecution(Utility.java:115)
	at com.xavient.framework.WebApplicationSuite.googleSearchTest.googleSearchVerifyTextTest(googleSearchTest.java:59)
	at sun.reflect.NativeMethodAccessorImpl.invoke0(Native Method)
	at sun.reflect.NativeMethodAccessorImpl.invoke(NativeMethodAccessorImpl.java:62)
	at sun.reflect.DelegatingMethodAccessorImpl.invoke(DelegatingMethodAccessorImpl.java:43)
	at java.lang.reflect.Method.invoke(Method.java:498)
	at org.testng.internal.MethodInvocationHelper.invokeMethod(MethodInvocationHelper.java:86)
	at org.testng.internal.Invoker.invokeMethod(Invoker.java:643)
	at org.testng.internal.Invoker.invokeTestMethod(Invoker.java:820)
	at org.testng.internal.Invoker.invokeTestMethods(Invoker.java:1128)
	at org.testng.internal.TestMethodWorker.invokeTestMethods(TestMethodWorker.java:129)
	at org.testng.internal.TestMethodWorker.run(TestMethodWorker.java:112)
	at java.util.concurrent.ThreadPoolExecutor.runWorker(ThreadPoolExecutor.java:1142)
	at java.util.concurrent.ThreadPoolExecutor$Worker.run(ThreadPoolExecutor.java:617)
	at java.lang.Thread.run(Thread.java:745)
]]>
            </full-stacktrace>
          </exception> <!-- org.testng.SkipException -->
          <reporter-output>
          </reporter-output>
        </test-method> <!-- googleSearchVerifyTextTest -->
        <test-method status="SKIP" signature="googleSearchVerifyTextTestq(java.util.Hashtable)[pri:0, instance:com.xavient.framework.WebApplicationSuite.googleSearchTest@735f7ae5]" name="googleSearchVerifyTextTestq" duration-ms="1354" started-at="2016-12-06T11:47:00Z" data-provider="getDataForWebApplicationSuite" finished-at="2016-12-06T11:47:01Z">
          <params>
            <param index="0">
              <value>
                <![CDATA[{SearchText=, Runmode=Y, Iteration=1, Expected=, Browser=mozilla}]]>
              </value>
            </param>
          </params>
          <exception class="org.testng.SkipException">
            <message>
              <![CDATA[Skipping the test googleSearchVerifyTextTestq as runmode of test was NO]]>
            </message>
            <full-stacktrace>
              <![CDATA[org.testng.SkipException: Skipping the test googleSearchVerifyTextTestq as runmode of test was NO
	at com.xavient.framework.util.Utility.validateTestExecution(Utility.java:115)
	at com.xavient.framework.WebApplicationSuite.googleSearchTest.googleSearchVerifyTextTestq(googleSearchTest.java:81)
	at sun.reflect.NativeMethodAccessorImpl.invoke0(Native Method)
	at sun.reflect.NativeMethodAccessorImpl.invoke(NativeMethodAccessorImpl.java:62)
	at sun.reflect.DelegatingMethodAccessorImpl.invoke(DelegatingMethodAccessorImpl.java:43)
	at java.lang.reflect.Method.invoke(Method.java:498)
	at org.testng.internal.MethodInvocationHelper.invokeMethod(MethodInvocationHelper.java:86)
	at org.testng.internal.Invoker.invokeMethod(Invoker.java:643)
	at org.testng.internal.Invoker.invokeTestMethod(Invoker.java:820)
	at org.testng.internal.Invoker.invokeTestMethods(Invoker.java:1128)
	at org.testng.internal.TestMethodWorker.invokeTestMethods(TestMethodWorker.java:129)
	at org.testng.internal.TestMethodWorker.run(TestMethodWorker.java:112)
	at java.util.concurrent.ThreadPoolExecutor.runWorker(ThreadPoolExecutor.java:1142)
	at java.util.concurrent.ThreadPoolExecutor$Worker.run(ThreadPoolExecutor.java:617)
	at java.lang.Thread.run(Thread.java:745)
]]>
            </full-stacktrace>
          </exception> <!-- org.testng.SkipException -->
          <reporter-output>
          </reporter-output>
        </test-method> <!-- googleSearchVerifyTextTestq -->
        <test-method status="PASS" signature="googleSearchTest(java.util.Hashtable)[pri:0, instance:com.xavient.framework.WebApplicationSuite.googleSearchTest@735f7ae5]" name="googleSearchTest" duration-ms="13191" started-at="2016-12-06T11:47:00Z" data-provider="getDataForWebApplicationSuite" finished-at="2016-12-06T11:47:13Z">
          <params>
            <param index="0">
              <value>
                <![CDATA[{Runmode=Y, Iteration=1, ExpectedTitle=Google, Browser=mozilla}]]>
              </value>
            </param>
          </params>
          <reporter-output>
          </reporter-output>
        </test-method> <!-- googleSearchTest -->
        <test-method status="SKIP" signature="googleSearchVerifyTextTest(java.util.Hashtable)[pri:0, instance:com.xavient.framework.WebApplicationSuite.googleSearchTest@735f7ae5]" name="googleSearchVerifyTextTest" duration-ms="1220" started-at="2016-12-06T11:47:01Z" data-provider="getDataForWebApplicationSuite" finished-at="2016-12-06T11:47:02Z">
          <params>
            <param index="0">
              <value>
                <![CDATA[{SearchText=FIROZ, Runmode=N, Iteration=2, Expected=FIROZ, Browser=mozilla}]]>
              </value>
            </param>
          </params>
          <exception class="org.testng.SkipException">
            <message>
              <![CDATA[Skipping the test googleSearchVerifyTextTest as runmode of test was NO]]>
            </message>
            <full-stacktrace>
              <![CDATA[org.testng.SkipException: Skipping the test googleSearchVerifyTextTest as runmode of test was NO
	at com.xavient.framework.util.Utility.validateTestExecution(Utility.java:115)
	at com.xavient.framework.WebApplicationSuite.googleSearchTest.googleSearchVerifyTextTest(googleSearchTest.java:59)
	at sun.reflect.NativeMethodAccessorImpl.invoke0(Native Method)
	at sun.reflect.NativeMethodAccessorImpl.invoke(NativeMethodAccessorImpl.java:62)
	at sun.reflect.DelegatingMethodAccessorImpl.invoke(DelegatingMethodAccessorImpl.java:43)
	at java.lang.reflect.Method.invoke(Method.java:498)
	at org.testng.internal.MethodInvocationHelper.invokeMethod(MethodInvocationHelper.java:86)
	at org.testng.internal.Invoker.invokeMethod(Invoker.java:643)
	at org.testng.internal.Invoker.invokeTestMethod(Invoker.java:820)
	at org.testng.internal.Invoker.invokeTestMethods(Invoker.java:1128)
	at org.testng.internal.TestMethodWorker.invokeTestMethods(TestMethodWorker.java:129)
	at org.testng.internal.TestMethodWorker.run(TestMethodWorker.java:112)
	at java.util.concurrent.ThreadPoolExecutor.runWorker(ThreadPoolExecutor.java:1142)
	at java.util.concurrent.ThreadPoolExecutor$Worker.run(ThreadPoolExecutor.java:617)
	at java.lang.Thread.run(Thread.java:745)
]]>
            </full-stacktrace>
          </exception> <!-- org.testng.SkipException -->
          <reporter-output>
          </reporter-output>
        </test-method> <!-- googleSearchVerifyTextTest -->
        <test-method status="SKIP" signature="googleSearchVerifyTextTestq(java.util.Hashtable)[pri:0, instance:com.xavient.framework.WebApplicationSuite.googleSearchTest@735f7ae5]" name="googleSearchVerifyTextTestq" duration-ms="1218" started-at="2016-12-06T11:47:01Z" data-provider="getDataForWebApplicationSuite" finished-at="2016-12-06T11:47:02Z">
          <params>
            <param index="0">
              <value>
                <![CDATA[{SearchText=, Runmode=N, Iteration=2, Expected=, Browser=mozilla}]]>
              </value>
            </param>
          </params>
          <exception class="org.testng.SkipException">
            <message>
              <![CDATA[Skipping the test googleSearchVerifyTextTestq as runmode of test was NO]]>
            </message>
            <full-stacktrace>
              <![CDATA[org.testng.SkipException: Skipping the test googleSearchVerifyTextTestq as runmode of test was NO
	at com.xavient.framework.util.Utility.validateTestExecution(Utility.java:115)
	at com.xavient.framework.WebApplicationSuite.googleSearchTest.googleSearchVerifyTextTestq(googleSearchTest.java:81)
	at sun.reflect.NativeMethodAccessorImpl.invoke0(Native Method)
	at sun.reflect.NativeMethodAccessorImpl.invoke(NativeMethodAccessorImpl.java:62)
	at sun.reflect.DelegatingMethodAccessorImpl.invoke(DelegatingMethodAccessorImpl.java:43)
	at java.lang.reflect.Method.invoke(Method.java:498)
	at org.testng.internal.MethodInvocationHelper.invokeMethod(MethodInvocationHelper.java:86)
	at org.testng.internal.Invoker.invokeMethod(Invoker.java:643)
	at org.testng.internal.Invoker.invokeTestMethod(Invoker.java:820)
	at org.testng.internal.Invoker.invokeTestMethods(Invoker.java:1128)
	at org.testng.internal.TestMethodWorker.invokeTestMethods(TestMethodWorker.java:129)
	at org.testng.internal.TestMethodWorker.run(TestMethodWorker.java:112)
	at java.util.concurrent.ThreadPoolExecutor.runWorker(ThreadPoolExecutor.java:1142)
	at java.util.concurrent.ThreadPoolExecutor$Worker.run(ThreadPoolExecutor.java:617)
	at java.lang.Thread.run(Thread.java:745)
]]>
            </full-stacktrace>
          </exception> <!-- org.testng.SkipException -->
          <reporter-output>
          </reporter-output>
        </test-method> <!-- googleSearchVerifyTextTestq -->
        <test-method status="SKIP" signature="googleSearchVerifyTextTest(java.util.Hashtable)[pri:0, instance:com.xavient.framework.WebApplicationSuite.googleSearchTest@735f7ae5]" name="googleSearchVerifyTextTest" duration-ms="1135" started-at="2016-12-06T11:47:02Z" data-provider="getDataForWebApplicationSuite" finished-at="2016-12-06T11:47:03Z">
          <params>
            <param index="0">
              <value>
                <![CDATA[{SearchText=PRANAV, Runmode=N, Iteration=3, Expected=PRANAV, Browser=mozilla}]]>
              </value>
            </param>
          </params>
          <exception class="org.testng.SkipException">
            <message>
              <![CDATA[Skipping the test googleSearchVerifyTextTest as runmode of test was NO]]>
            </message>
            <full-stacktrace>
              <![CDATA[org.testng.SkipException: Skipping the test googleSearchVerifyTextTest as runmode of test was NO
	at com.xavient.framework.util.Utility.validateTestExecution(Utility.java:115)
	at com.xavient.framework.WebApplicationSuite.googleSearchTest.googleSearchVerifyTextTest(googleSearchTest.java:59)
	at sun.reflect.NativeMethodAccessorImpl.invoke0(Native Method)
	at sun.reflect.NativeMethodAccessorImpl.invoke(NativeMethodAccessorImpl.java:62)
	at sun.reflect.DelegatingMethodAccessorImpl.invoke(DelegatingMethodAccessorImpl.java:43)
	at java.lang.reflect.Method.invoke(Method.java:498)
	at org.testng.internal.MethodInvocationHelper.invokeMethod(MethodInvocationHelper.java:86)
	at org.testng.internal.Invoker.invokeMethod(Invoker.java:643)
	at org.testng.internal.Invoker.invokeTestMethod(Invoker.java:820)
	at org.testng.internal.Invoker.invokeTestMethods(Invoker.java:1128)
	at org.testng.internal.TestMethodWorker.invokeTestMethods(TestMethodWorker.java:129)
	at org.testng.internal.TestMethodWorker.run(TestMethodWorker.java:112)
	at java.util.concurrent.ThreadPoolExecutor.runWorker(ThreadPoolExecutor.java:1142)
	at java.util.concurrent.ThreadPoolExecutor$Worker.run(ThreadPoolExecutor.java:617)
	at java.lang.Thread.run(Thread.java:745)
]]>
            </full-stacktrace>
          </exception> <!-- org.testng.SkipException -->
          <reporter-output>
          </reporter-output>
        </test-method> <!-- googleSearchVerifyTextTest -->
        <test-method status="SKIP" signature="googleSearchVerifyTextTestq(java.util.Hashtable)[pri:0, instance:com.xavient.framework.WebApplicationSuite.googleSearchTest@735f7ae5]" name="googleSearchVerifyTextTestq" duration-ms="1186" started-at="2016-12-06T11:47:02Z" data-provider="getDataForWebApplicationSuite" finished-at="2016-12-06T11:47:03Z">
          <params>
            <param index="0">
              <value>
                <![CDATA[{SearchText=, Runmode=Y, Iteration=3, Expected=, Browser=mozilla}]]>
              </value>
            </param>
          </params>
          <exception class="org.testng.SkipException">
            <message>
              <![CDATA[Skipping the test googleSearchVerifyTextTestq as runmode of test was NO]]>
            </message>
            <full-stacktrace>
              <![CDATA[org.testng.SkipException: Skipping the test googleSearchVerifyTextTestq as runmode of test was NO
	at com.xavient.framework.util.Utility.validateTestExecution(Utility.java:115)
	at com.xavient.framework.WebApplicationSuite.googleSearchTest.googleSearchVerifyTextTestq(googleSearchTest.java:81)
	at sun.reflect.NativeMethodAccessorImpl.invoke0(Native Method)
	at sun.reflect.NativeMethodAccessorImpl.invoke(NativeMethodAccessorImpl.java:62)
	at sun.reflect.DelegatingMethodAccessorImpl.invoke(DelegatingMethodAccessorImpl.java:43)
	at java.lang.reflect.Method.invoke(Method.java:498)
	at org.testng.internal.MethodInvocationHelper.invokeMethod(MethodInvocationHelper.java:86)
	at org.testng.internal.Invoker.invokeMethod(Invoker.java:643)
	at org.testng.internal.Invoker.invokeTestMethod(Invoker.java:820)
	at org.testng.internal.Invoker.invokeTestMethods(Invoker.java:1128)
	at org.testng.internal.TestMethodWorker.invokeTestMethods(TestMethodWorker.java:129)
	at org.testng.internal.TestMethodWorker.run(TestMethodWorker.java:112)
	at java.util.concurrent.ThreadPoolExecutor.runWorker(ThreadPoolExecutor.java:1142)
	at java.util.concurrent.ThreadPoolExecutor$Worker.run(ThreadPoolExecutor.java:617)
	at java.lang.Thread.run(Thread.java:745)
]]>
            </full-stacktrace>
          </exception> <!-- org.testng.SkipException -->
          <reporter-output>
          </reporter-output>
        </test-method> <!-- googleSearchVerifyTextTestq -->
        <test-method status="SKIP" signature="googleSearchVerifyTextTestqw(java.util.Hashtable)[pri:0, instance:com.xavient.framework.WebApplicationSuite.googleSearchTest@735f7ae5]" name="googleSearchVerifyTextTestqw" duration-ms="1082" started-at="2016-12-06T11:47:03Z" data-provider="getDataForWebApplicationSuite" finished-at="2016-12-06T11:47:05Z">
          <params>
            <param index="0">
              <value>
                <![CDATA[{Runmode=N, Iteration=1, Expected=, ExpectedTitle=Google, Browser=mozilla}]]>
              </value>
            </param>
          </params>
          <exception class="org.testng.SkipException">
            <message>
              <![CDATA[Skipping the test googleSearchVerifyTextTestqw as runmode of test was NO]]>
            </message>
            <full-stacktrace>
              <![CDATA[org.testng.SkipException: Skipping the test googleSearchVerifyTextTestqw as runmode of test was NO
	at com.xavient.framework.util.Utility.validateTestExecution(Utility.java:115)
	at com.xavient.framework.WebApplicationSuite.googleSearchTest.googleSearchVerifyTextTestqw(googleSearchTest.java:101)
	at sun.reflect.NativeMethodAccessorImpl.invoke0(Native Method)
	at sun.reflect.NativeMethodAccessorImpl.invoke(NativeMethodAccessorImpl.java:62)
	at sun.reflect.DelegatingMethodAccessorImpl.invoke(DelegatingMethodAccessorImpl.java:43)
	at java.lang.reflect.Method.invoke(Method.java:498)
	at org.testng.internal.MethodInvocationHelper.invokeMethod(MethodInvocationHelper.java:86)
	at org.testng.internal.Invoker.invokeMethod(Invoker.java:643)
	at org.testng.internal.Invoker.invokeTestMethod(Invoker.java:820)
	at org.testng.internal.Invoker.invokeTestMethods(Invoker.java:1128)
	at org.testng.internal.TestMethodWorker.invokeTestMethods(TestMethodWorker.java:129)
	at org.testng.internal.TestMethodWorker.run(TestMethodWorker.java:112)
	at java.util.concurrent.ThreadPoolExecutor.runWorker(ThreadPoolExecutor.java:1142)
	at java.util.concurrent.ThreadPoolExecutor$Worker.run(ThreadPoolExecutor.java:617)
	at java.lang.Thread.run(Thread.java:745)
]]>
            </full-stacktrace>
          </exception> <!-- org.testng.SkipException -->
          <reporter-output>
          </reporter-output>
        </test-method> <!-- googleSearchVerifyTextTestqw -->
        <test-method status="SKIP" signature="googleSearchVerifyTextTestqw(java.util.Hashtable)[pri:0, instance:com.xavient.framework.WebApplicationSuite.googleSearchTest@735f7ae5]" name="googleSearchVerifyTextTestqw" duration-ms="1079" started-at="2016-12-06T11:47:05Z" data-provider="getDataForWebApplicationSuite" finished-at="2016-12-06T11:47:06Z">
          <params>
            <param index="0">
              <value>
                <![CDATA[{Runmode=Y, Iteration=2, Expected=, ExpectedTitle=Come, Browser=mozilla}]]>
              </value>
            </param>
          </params>
          <exception class="org.testng.SkipException">
            <message>
              <![CDATA[Skipping the test googleSearchVerifyTextTestqw as runmode of test was NO]]>
            </message>
            <full-stacktrace>
              <![CDATA[org.testng.SkipException: Skipping the test googleSearchVerifyTextTestqw as runmode of test was NO
	at com.xavient.framework.util.Utility.validateTestExecution(Utility.java:115)
	at com.xavient.framework.WebApplicationSuite.googleSearchTest.googleSearchVerifyTextTestqw(googleSearchTest.java:101)
	at sun.reflect.NativeMethodAccessorImpl.invoke0(Native Method)
	at sun.reflect.NativeMethodAccessorImpl.invoke(NativeMethodAccessorImpl.java:62)
	at sun.reflect.DelegatingMethodAccessorImpl.invoke(DelegatingMethodAccessorImpl.java:43)
	at java.lang.reflect.Method.invoke(Method.java:498)
	at org.testng.internal.MethodInvocationHelper.invokeMethod(MethodInvocationHelper.java:86)
	at org.testng.internal.Invoker.invokeMethod(Invoker.java:643)
	at org.testng.internal.Invoker.invokeTestMethod(Invoker.java:820)
	at org.testng.internal.Invoker.invokeTestMethods(Invoker.java:1128)
	at org.testng.internal.TestMethodWorker.invokeTestMethods(TestMethodWorker.java:129)
	at org.testng.internal.TestMethodWorker.run(TestMethodWorker.java:112)
	at java.util.concurrent.ThreadPoolExecutor.runWorker(ThreadPoolExecutor.java:1142)
	at java.util.concurrent.ThreadPoolExecutor$Worker.run(ThreadPoolExecutor.java:617)
	at java.lang.Thread.run(Thread.java:745)
]]>
            </full-stacktrace>
          </exception> <!-- org.testng.SkipException -->
          <reporter-output>
          </reporter-output>
        </test-method> <!-- googleSearchVerifyTextTestqw -->
        <test-method status="SKIP" signature="googleSearchVerifyTextTestqw(java.util.Hashtable)[pri:0, instance:com.xavient.framework.WebApplicationSuite.googleSearchTest@735f7ae5]" name="googleSearchVerifyTextTestqw" duration-ms="1082" started-at="2016-12-06T11:47:06Z" data-provider="getDataForWebApplicationSuite" finished-at="2016-12-06T11:47:07Z">
          <params>
            <param index="0">
              <value>
                <![CDATA[{Runmode=N, Iteration=3, Expected=, ExpectedTitle=Google, Browser=mozilla}]]>
              </value>
            </param>
          </params>
          <exception class="org.testng.SkipException">
            <message>
              <![CDATA[Skipping the test googleSearchVerifyTextTestqw as runmode of test was NO]]>
            </message>
            <full-stacktrace>
              <![CDATA[org.testng.SkipException: Skipping the test googleSearchVerifyTextTestqw as runmode of test was NO
	at com.xavient.framework.util.Utility.validateTestExecution(Utility.java:115)
	at com.xavient.framework.WebApplicationSuite.googleSearchTest.googleSearchVerifyTextTestqw(googleSearchTest.java:101)
	at sun.reflect.NativeMethodAccessorImpl.invoke0(Native Method)
	at sun.reflect.NativeMethodAccessorImpl.invoke(NativeMethodAccessorImpl.java:62)
	at sun.reflect.DelegatingMethodAccessorImpl.invoke(DelegatingMethodAccessorImpl.java:43)
	at java.lang.reflect.Method.invoke(Method.java:498)
	at org.testng.internal.MethodInvocationHelper.invokeMethod(MethodInvocationHelper.java:86)
	at org.testng.internal.Invoker.invokeMethod(Invoker.java:643)
	at org.testng.internal.Invoker.invokeTestMethod(Invoker.java:820)
	at org.testng.internal.Invoker.invokeTestMethods(Invoker.java:1128)
	at org.testng.internal.TestMethodWorker.invokeTestMethods(TestMethodWorker.java:129)
	at org.testng.internal.TestMethodWorker.run(TestMethodWorker.java:112)
	at java.util.concurrent.ThreadPoolExecutor.runWorker(ThreadPoolExecutor.java:1142)
	at java.util.concurrent.ThreadPoolExecutor$Worker.run(ThreadPoolExecutor.java:617)
	at java.lang.Thread.run(Thread.java:745)
]]>
            </full-stacktrace>
          </exception> <!-- org.testng.SkipException -->
          <reporter-output>
          </reporter-output>
        </test-method> <!-- googleSearchVerifyTextTestqw -->
        <test-method status="PASS" signature="googleSearchTest(java.util.Hashtable)[pri:0, instance:com.xavient.framework.WebApplicationSuite.googleSearchTest@735f7ae5]" name="googleSearchTest" duration-ms="13141" started-at="2016-12-06T11:47:13Z" data-provider="getDataForWebApplicationSuite" finished-at="2016-12-06T11:47:26Z">
          <params>
            <param index="0">
              <value>
                <![CDATA[{Runmode=Y, Iteration=2, ExpectedTitle=s, Browser=mozilla}]]>
              </value>
            </param>
          </params>
          <reporter-output>
          </reporter-output>
        </test-method> <!-- googleSearchTest -->
      </class> <!-- com.xavient.framework.WebApplicationSuite.googleSearchTest -->
    </test> <!-- Google Test -->
  </suite> <!-- WEB SUITE -->
</testng-results>
